29.08.2020 17:46 - Log.MarketModel - INFO - Market Tool Initialized
29.08.2020 17:46 - Log.MarketModel - INFO - Creating Folder Structure
29.08.2020 17:46 - Log.MarketModel - INFO - creating folder data_output
29.08.2020 17:46 - Log.MarketModel - INFO - creating folder data_temp
29.08.2020 17:46 - Log.MarketModel - INFO - creating folder data_temp/bokeh_files
29.08.2020 17:46 - Log.MarketModel - INFO - creating folder data_temp/julia_files
29.08.2020 17:46 - Log.MarketModel - INFO - creating folder data_temp/bokeh_files/market_result
29.08.2020 17:46 - Log.MarketModel - INFO - creating folder data_temp/julia_files/data
29.08.2020 17:46 - Log.MarketModel - INFO - creating folder data_temp/julia_files/results
29.08.2020 17:46 - Log.MarketModel - INFO - creating folder data_temp/julia_files/cbco_data
29.08.2020 17:46 - Log.MarketModel - INFO - Optimization Options:{
  "optimization": {
    "type": "ntc",
    "model_horizon": [
      0,
      4
    ],
    "heat_model": false,
    "constrain_nex": false,
    "timeseries": {
      "split": true,
      "market_horizon": 1000,
      "redispatch_horizon": 24
    },
    "redispatch": {
      "include": false,
      "zonal_redispatch": false,
      "zones": [],
      "cost": 1
    },
    "curtailment": {
      "include": false,
      "cost": 1000.0
    },
    "chance_constrained": {
      "include": false,
      "fixed_alpha": true,
      "cc_res_mw": 50,
      "alpha_plants_mw": 200
    },
    "parameters": {
      "storage_start": 0.65
    },
    "infeasibility": {
      "heat": {
        "include": false,
        "cost": 1000.0,
        "bound": 20
      },
      "electricity": {
        "include": true,
        "cost": 100.0,
        "bound": 200
      },
      "lines": {
        "include": false,
        "cost": 1000.0,
        "bound": 20
      }
    },
    "plant_types": {
      "es": [],
      "hs": [],
      "ts": [
        "wind",
        "solar",
        "ror_ts"
      ],
      "ph": []
    }
  },
  "grid": {
    "cbco_option": "clarkson_base",
    "precalc_filename": "",
    "sensitivity": 0.05,
    "capacity_multiplier": 0.8,
    "preprocess": true,
    "gsk": "gmax",
    "minram": 0.2
  },
  "data": {
    "stacked": [
      "demand_el_rt",
      "demand_el_da",
      "availability_da",
      "availability_rt",
      "net_export"
    ],
    "unique_mc": false,
    "data_type": "nrel",
    "process": [],
    "process_input": true,
    "default_net_position": 0
  }
}

29.08.2020 17:46 - Log.MarketModel.DataManagement - INFO - Initializing DataObject
29.08.2020 17:46 - Log.MarketModel.CBCOModule - INFO - Initializing the CBCOModule....
29.08.2020 17:46 - Log.MarketModel.CBCOModule - INFO - Creating Folder Structure
29.08.2020 17:46 - Log.MarketModel.CBCOModule - INFO - CBCOModule Initialized!
29.08.2020 17:46 - Log.MarketModel.JuliaInterface - INFO - Initializing MarketModel...
29.08.2020 17:46 - Log.MarketModel.JuliaInterface - INFO - Creating Folder Structure
29.08.2020 17:46 - Log.MarketModel.DataManagement.DataWorker - INFO - Loading data from zipped data archive
29.08.2020 17:46 - Log.MarketModel.DataManagement.DataWorker - WARNING - heatareas not in zip archive
29.08.2020 17:46 - Log.MarketModel.DataManagement.DataWorker - WARNING - "There is no item named 'heatareas.csv' in the archive"
29.08.2020 17:46 - Log.MarketModel.DataManagement.DataWorker - WARNING - availability not in zip archive
29.08.2020 17:46 - Log.MarketModel.DataManagement.DataWorker - WARNING - "There is no item named 'availability.csv' in the archive"
29.08.2020 17:46 - Log.MarketModel.DataManagement.DataWorker - WARNING - dclines not in zip archive
29.08.2020 17:46 - Log.MarketModel.DataManagement.DataWorker - WARNING - "There is no item named 'dclines.csv' in the archive"
29.08.2020 17:46 - Log.MarketModel.DataManagement.DataWorker - WARNING - demand_el not in zip archive
29.08.2020 17:46 - Log.MarketModel.DataManagement.DataWorker - WARNING - "There is no item named 'demand_el.csv' in the archive"
29.08.2020 17:46 - Log.MarketModel.DataManagement.DataWorker - WARNING - demand_h not in zip archive
29.08.2020 17:46 - Log.MarketModel.DataManagement.DataWorker - WARNING - "There is no item named 'demand_h.csv' in the archive"
29.08.2020 17:46 - Log.MarketModel.DataManagement.DataWorker - WARNING - ntc not in zip archive
29.08.2020 17:46 - Log.MarketModel.DataManagement.DataWorker - WARNING - "There is no item named 'ntc.csv' in the archive"
29.08.2020 17:46 - Log.MarketModel.DataManagement.DataWorker - WARNING - inflows not in zip archive
29.08.2020 17:46 - Log.MarketModel.DataManagement.DataWorker - WARNING - "There is no item named 'inflows.csv' in the archive"
29.08.2020 17:46 - Log.MarketModel.DataManagement.DataWorker - WARNING - net_position not in zip archive
29.08.2020 17:46 - Log.MarketModel.DataManagement.DataWorker - WARNING - "There is no item named 'net_position.csv' in the archive"
29.08.2020 17:46 - Log.MarketModel.DataManagement - INFO - Validating Input Data...
29.08.2020 17:46 - Log.MarketModel.DataManagement - WARNING - Invalid Reference Keys without NaNs removed for node in demand_el_rt
29.08.2020 17:46 - Log.MarketModel.DataManagement - WARNING - Invalid Reference Keys without NaNs removed for node in demand_el_da
29.08.2020 17:46 - Log.MarketModel.DataManagement - WARNING - Invalid Reference Keys without NaNs removed for plant in availability_rt
29.08.2020 17:46 - Log.MarketModel.DataManagement - WARNING - Invalid Reference Keys without NaNs removed for plant in availability_da
29.08.2020 17:46 - Log.MarketModel.DataManagement - WARNING - heatareas not in Input Data, initialized as empty
29.08.2020 17:46 - Log.MarketModel.DataManagement - WARNING - Attribute mc_heat not in plants, initialized as 0
29.08.2020 17:46 - Log.MarketModel.DataManagement - WARNING - Attribute h_max not in plants, initialized as 0
29.08.2020 17:46 - Log.MarketModel.DataManagement - WARNING - Attribute eta not in plants, initialized as 1
29.08.2020 17:46 - Log.MarketModel.DataManagement - WARNING - Attribute heatarea not in plants, initialized as nan
29.08.2020 17:46 - Log.MarketModel.DataManagement - WARNING - Attribute storage_capacity not in plants, initialized as nan
29.08.2020 17:46 - Log.MarketModel.DataManagement - WARNING - dclines not in Input Data, initialized as empty
29.08.2020 17:46 - Log.MarketModel.DataManagement - WARNING - demand_h not in Input Data, initialized as empty
29.08.2020 17:46 - Log.MarketModel.DataManagement - WARNING - ntc not in Input Data, initialized as empty
29.08.2020 17:46 - Log.MarketModel.DataManagement - WARNING - inflows not in Input Data, initialized as empty
29.08.2020 17:46 - Log.MarketModel.DataManagement - WARNING - net_position not in Input Data, initialized as empty
29.08.2020 17:46 - Log.MarketModel.GridTopology - INFO - Calculating Grid Parameters!
29.08.2020 17:46 - Log.MarketModel.GridTopology - INFO - The network consits of 1 components. Making sure a slack is set for each.
29.08.2020 17:46 - Log.MarketModel.GridTopology - INFO - Calculating PTDF and PSDF Matrices!
29.08.2020 17:46 - Log.MarketModel.GridTopology - INFO - Checking Grid Topology...
29.08.2020 17:46 - Log.MarketModel.GridTopology - INFO - Radial nodes are set as contingency:
29.08.2020 17:46 - Log.MarketModel.GridTopology - INFO - Contingency of 7 lines is set to false
29.08.2020 17:46 - Log.MarketModel.GridTopology - INFO - Radial lines are set as contingency:
29.08.2020 17:46 - Log.MarketModel.GridTopology - INFO - Contingency of 2 lines is set to false
29.08.2020 17:46 - Log.MarketModel.GridTopology - INFO - Total number of Lines: 186
29.08.2020 17:46 - Log.MarketModel.GridTopology - INFO - Total number of contingencies: 177
29.08.2020 17:46 - Log.MarketModel.GridTopology - INFO - Calculating LODF Matrix!
29.08.2020 17:46 - Log.MarketModel.GridTopology - INFO - Grid parameters Calculated!
29.08.2020 17:46 - Log.MarketModel.JuliaInterface - INFO - MarketModel Initialized!
29.08.2020 17:46 - Log.MarketModel.JuliaInterface - INFO - MarketModel Initialized!
29.08.2020 17:46 - Log.MarketModel.JuliaInterface - INFO - Start-Time: 17:46:27
29.08.2020 17:46 - Log.MarketModel.JuliaInterface - INFO - Loading Clp...
29.08.2020 17:46 - Log.MarketModel.JuliaInterface - INFO - Initialized
29.08.2020 17:46 - Log.MarketModel.JuliaInterface - INFO - WARNING: using MarketModel.run_market_model in module Main conflicts with an existing identifier.
29.08.2020 17:46 - Log.MarketModel.JuliaInterface - INFO - reading from file C:\Users\riw\Documents\repositories\pomato\examples/data_temp/julia_files/daemon_market_model.json
29.08.2020 17:46 - Log.MarketModel.JuliaInterface - INFO - Done with Initialization. Starting daemon process market_model!
29.08.2020 17:46 - Log.MarketModel.JuliaInterface - INFO - Process ready!
29.08.2020 17:46 - Log.MarketModel.JuliaInterface - INFO - Loading Clp Solver...
29.08.2020 17:46 - Log.MarketModel.JuliaInterface - INFO - Starting with market_model
29.08.2020 17:46 - Log.MarketModel.JuliaInterface - INFO - Run market model
29.08.2020 17:47 - Log.MarketModel.JuliaInterface - INFO - No logfile Found, logging only to console.
29.08.2020 17:47 - Log.MarketModel.JuliaInterface - INFO - Read Model Data..
29.08.2020 17:47 - Log.MarketModel.JuliaInterface - INFO - Reading Model Data from: C:\Users\riw\Documents\repositories\pomato\examples/data_temp/julia_files/data/
29.08.2020 17:47 - Log.MarketModel.JuliaInterface - INFO - Data Prepared
29.08.2020 17:47 - Log.MarketModel.JuliaInterface - INFO - Creating Results Folder
29.08.2020 17:47 - Log.MarketModel.JuliaInterface - INFO - Initializing Market Model for timestep t0001...
29.08.2020 17:47 - Log.MarketModel.JuliaInterface - INFO - Adding Variables and Expressions..
29.08.2020 17:47 - Log.MarketModel.JuliaInterface - INFO - Add Base Model
29.08.2020 17:47 - Log.MarketModel.JuliaInterface - INFO - Adding NTC Constraints...
29.08.2020 17:47 - Log.MarketModel.JuliaInterface - INFO - Adding NEX Constraints...
29.08.2020 17:47 - Log.MarketModel.JuliaInterface - INFO - including NEX Constraints for: R1, R2, R3
29.08.2020 17:47 - Log.MarketModel.JuliaInterface - INFO - Adding Objective Function...
29.08.2020 17:47 - Log.MarketModel.JuliaInterface - INFO - Solving...
29.08.2020 17:47 - Log.MarketModel.JuliaInterface - INFO - 13.305981 seconds (46.33 M allocations: 2.293 GiB, 7.20% gc time)
29.08.2020 17:47 - Log.MarketModel.JuliaInterface - INFO - Objective: 879669.9853986754
29.08.2020 17:47 - Log.MarketModel.JuliaInterface - INFO - Objective: OPTIMAL
29.08.2020 17:47 - Log.MarketModel.JuliaInterface - INFO - Solvetime: 13.6 seconds
29.08.2020 17:47 - Log.MarketModel.JuliaInterface - INFO - Model Done!
29.08.2020 17:47 - Log.MarketModel.JuliaInterface - INFO - Saving results to folder C:\Users\riw\Documents\repositories\pomato\examples/data_temp/julia_files/results/2908_1747_15341...
29.08.2020 17:47 - Log.MarketModel.JuliaInterface - INFO - All Results Saved!
29.08.2020 17:47 - Log.MarketModel.JuliaInterface - INFO - Everything Done!
29.08.2020 17:47 - Log.MarketModel.JuliaInterface - INFO - Done with market model.
29.08.2020 17:47 - Log.MarketModel.JuliaInterface - INFO - Program Done
29.08.2020 17:47 - Log.MarketModel.JuliaInterface - INFO - End-Time: 17:47:38
29.08.2020 17:47 - Log.MarketModel.JuliaInterface - INFO - Total Time: 71.529315 sec
29.08.2020 17:47 - Log.MarketModel.DataManagement.ResultData - INFO - Loading Results from results folder 2908_1747_15341
29.08.2020 17:47 - Log.MarketModel.DataManagement.ResultData - WARNING - EB_heat not in results folder 2908_1747_15341
29.08.2020 17:47 - Log.MarketModel.DataManagement.ResultData - WARNING - INFEAS_LINES not in results folder 2908_1747_15341
29.08.2020 17:49 - Log.MarketModel - INFO - Market Tool Initialized
29.08.2020 17:49 - Log.MarketModel - INFO - Creating Folder Structure
29.08.2020 17:49 - Log.MarketModel - INFO - Optimization Options:{
  "optimization": {
    "type": "ntc",
    "model_horizon": [
      0,
      4
    ],
    "heat_model": false,
    "constrain_nex": false,
    "timeseries": {
      "split": true,
      "market_horizon": 1000,
      "redispatch_horizon": 24
    },
    "redispatch": {
      "include": false,
      "zonal_redispatch": false,
      "zones": [],
      "cost": 1
    },
    "curtailment": {
      "include": false,
      "cost": 1000.0
    },
    "chance_constrained": {
      "include": false,
      "fixed_alpha": true,
      "cc_res_mw": 50,
      "alpha_plants_mw": 200
    },
    "parameters": {
      "storage_start": 0.65
    },
    "infeasibility": {
      "heat": {
        "include": false,
        "cost": 1000.0,
        "bound": 20
      },
      "electricity": {
        "include": true,
        "cost": 100.0,
        "bound": 200
      },
      "lines": {
        "include": false,
        "cost": 1000.0,
        "bound": 20
      }
    },
    "plant_types": {
      "es": [],
      "hs": [],
      "ts": [
        "wind",
        "solar",
        "ror_ts"
      ],
      "ph": []
    }
  },
  "grid": {
    "cbco_option": "clarkson_base",
    "precalc_filename": "",
    "sensitivity": 0.05,
    "capacity_multiplier": 0.8,
    "preprocess": true,
    "gsk": "gmax",
    "minram": 0.2
  },
  "data": {
    "stacked": [
      "demand_el_rt",
      "demand_el_da",
      "availability_da",
      "availability_rt",
      "net_export"
    ],
    "unique_mc": false,
    "data_type": "nrel",
    "process": [],
    "process_input": true,
    "default_net_position": 0
  }
}

29.08.2020 17:49 - Log.MarketModel.DataManagement - INFO - Initializing DataObject
29.08.2020 17:49 - Log.MarketModel.CBCOModule - INFO - Initializing the CBCOModule....
29.08.2020 17:49 - Log.MarketModel.CBCOModule - INFO - Creating Folder Structure
29.08.2020 17:49 - Log.MarketModel.CBCOModule - INFO - CBCOModule Initialized!
29.08.2020 17:49 - Log.MarketModel.JuliaInterface - INFO - Initializing MarketModel...
29.08.2020 17:49 - Log.MarketModel.JuliaInterface - INFO - Creating Folder Structure
29.08.2020 17:49 - Log.MarketModel.DataManagement.DataWorker - INFO - Loading data from zipped data archive
29.08.2020 17:49 - Log.MarketModel.DataManagement.DataWorker - WARNING - heatareas not in zip archive
29.08.2020 17:49 - Log.MarketModel.DataManagement.DataWorker - WARNING - "There is no item named 'heatareas.csv' in the archive"
29.08.2020 17:49 - Log.MarketModel.DataManagement.DataWorker - WARNING - availability not in zip archive
29.08.2020 17:49 - Log.MarketModel.DataManagement.DataWorker - WARNING - "There is no item named 'availability.csv' in the archive"
29.08.2020 17:49 - Log.MarketModel.DataManagement.DataWorker - WARNING - dclines not in zip archive
29.08.2020 17:49 - Log.MarketModel.DataManagement.DataWorker - WARNING - "There is no item named 'dclines.csv' in the archive"
29.08.2020 17:49 - Log.MarketModel.DataManagement.DataWorker - WARNING - demand_el not in zip archive
29.08.2020 17:49 - Log.MarketModel.DataManagement.DataWorker - WARNING - "There is no item named 'demand_el.csv' in the archive"
29.08.2020 17:49 - Log.MarketModel.DataManagement.DataWorker - WARNING - demand_h not in zip archive
29.08.2020 17:49 - Log.MarketModel.DataManagement.DataWorker - WARNING - "There is no item named 'demand_h.csv' in the archive"
29.08.2020 17:49 - Log.MarketModel.DataManagement.DataWorker - WARNING - ntc not in zip archive
29.08.2020 17:49 - Log.MarketModel.DataManagement.DataWorker - WARNING - "There is no item named 'ntc.csv' in the archive"
29.08.2020 17:49 - Log.MarketModel.DataManagement.DataWorker - WARNING - inflows not in zip archive
29.08.2020 17:49 - Log.MarketModel.DataManagement.DataWorker - WARNING - "There is no item named 'inflows.csv' in the archive"
29.08.2020 17:49 - Log.MarketModel.DataManagement.DataWorker - WARNING - net_position not in zip archive
29.08.2020 17:49 - Log.MarketModel.DataManagement.DataWorker - WARNING - "There is no item named 'net_position.csv' in the archive"
29.08.2020 17:49 - Log.MarketModel.DataManagement - INFO - Validating Input Data...
29.08.2020 17:49 - Log.MarketModel.DataManagement - WARNING - Invalid Reference Keys without NaNs removed for node in demand_el_rt
29.08.2020 17:49 - Log.MarketModel.DataManagement - WARNING - Invalid Reference Keys without NaNs removed for node in demand_el_da
29.08.2020 17:49 - Log.MarketModel.DataManagement - WARNING - Invalid Reference Keys without NaNs removed for plant in availability_rt
29.08.2020 17:49 - Log.MarketModel.DataManagement - WARNING - Invalid Reference Keys without NaNs removed for plant in availability_da
29.08.2020 17:49 - Log.MarketModel.DataManagement - WARNING - heatareas not in Input Data, initialized as empty
29.08.2020 17:49 - Log.MarketModel.DataManagement - WARNING - Attribute mc_heat not in plants, initialized as 0
29.08.2020 17:49 - Log.MarketModel.DataManagement - WARNING - Attribute h_max not in plants, initialized as 0
29.08.2020 17:49 - Log.MarketModel.DataManagement - WARNING - Attribute eta not in plants, initialized as 1
29.08.2020 17:49 - Log.MarketModel.DataManagement - WARNING - Attribute heatarea not in plants, initialized as nan
29.08.2020 17:49 - Log.MarketModel.DataManagement - WARNING - Attribute storage_capacity not in plants, initialized as nan
29.08.2020 17:49 - Log.MarketModel.DataManagement - WARNING - dclines not in Input Data, initialized as empty
29.08.2020 17:49 - Log.MarketModel.DataManagement - WARNING - demand_h not in Input Data, initialized as empty
29.08.2020 17:49 - Log.MarketModel.DataManagement - WARNING - ntc not in Input Data, initialized as empty
29.08.2020 17:49 - Log.MarketModel.DataManagement - WARNING - inflows not in Input Data, initialized as empty
29.08.2020 17:49 - Log.MarketModel.DataManagement - WARNING - net_position not in Input Data, initialized as empty
29.08.2020 17:49 - Log.MarketModel.GridTopology - INFO - Calculating Grid Parameters!
29.08.2020 17:49 - Log.MarketModel.GridTopology - INFO - The network consits of 1 components. Making sure a slack is set for each.
29.08.2020 17:49 - Log.MarketModel.GridTopology - INFO - Calculating PTDF and PSDF Matrices!
29.08.2020 17:49 - Log.MarketModel.GridTopology - INFO - Checking Grid Topology...
29.08.2020 17:49 - Log.MarketModel.GridTopology - INFO - Radial nodes are set as contingency:
29.08.2020 17:49 - Log.MarketModel.GridTopology - INFO - Contingency of 7 lines is set to false
29.08.2020 17:49 - Log.MarketModel.GridTopology - INFO - Radial lines are set as contingency:
29.08.2020 17:49 - Log.MarketModel.GridTopology - INFO - Contingency of 2 lines is set to false
29.08.2020 17:49 - Log.MarketModel.GridTopology - INFO - Total number of Lines: 186
29.08.2020 17:49 - Log.MarketModel.GridTopology - INFO - Total number of contingencies: 177
29.08.2020 17:49 - Log.MarketModel.GridTopology - INFO - Calculating LODF Matrix!
29.08.2020 17:49 - Log.MarketModel.GridTopology - INFO - Grid parameters Calculated!
29.08.2020 17:49 - Log.MarketModel.JuliaInterface - INFO - MarketModel Initialized!
29.08.2020 17:49 - Log.MarketModel.JuliaInterface - INFO - MarketModel Initialized!
29.08.2020 17:49 - Log.MarketModel.JuliaInterface - INFO - Start-Time: 17:49:07
29.08.2020 17:49 - Log.MarketModel.JuliaInterface - INFO - Loading Clp...
29.08.2020 17:49 - Log.MarketModel.JuliaInterface - INFO - Initialized
29.08.2020 17:49 - Log.MarketModel.JuliaInterface - INFO - WARNING: using MarketModel.run_market_model in module Main conflicts with an existing identifier.
29.08.2020 17:49 - Log.MarketModel.JuliaInterface - INFO - reading from file C:\Users\riw\Documents\repositories\pomato\examples/data_temp/julia_files/daemon_market_model.json
29.08.2020 17:49 - Log.MarketModel.JuliaInterface - INFO - Done with Initialization. Starting daemon process market_model!
29.08.2020 17:49 - Log.MarketModel.JuliaInterface - WARNING - Failed to read from daemon file.
29.08.2020 17:49 - Log.MarketModel.JuliaInterface - INFO - Process ready!
29.08.2020 17:49 - Log.MarketModel.JuliaInterface - INFO - Loading Clp Solver...
29.08.2020 17:49 - Log.MarketModel.JuliaInterface - INFO - Starting with market_model
29.08.2020 17:49 - Log.MarketModel.JuliaInterface - INFO - Run market model
29.08.2020 17:49 - Log.MarketModel.JuliaInterface - INFO - No logfile Found, logging only to console.
29.08.2020 17:49 - Log.MarketModel.JuliaInterface - INFO - Read Model Data..
29.08.2020 17:49 - Log.MarketModel.JuliaInterface - INFO - Reading Model Data from: C:\Users\riw\Documents\repositories\pomato\examples/data_temp/julia_files/data/
29.08.2020 17:49 - Log.MarketModel.JuliaInterface - INFO - Data Prepared
29.08.2020 17:49 - Log.MarketModel.JuliaInterface - INFO - Creating Results Folder
29.08.2020 17:49 - Log.MarketModel.JuliaInterface - INFO - Initializing Market Model for timestep t0001...
29.08.2020 17:49 - Log.MarketModel.JuliaInterface - INFO - Adding Variables and Expressions..
29.08.2020 17:49 - Log.MarketModel.JuliaInterface - INFO - Add Base Model
29.08.2020 17:50 - Log.MarketModel.JuliaInterface - INFO - Adding NTC Constraints...
29.08.2020 17:50 - Log.MarketModel.JuliaInterface - INFO - Adding NEX Constraints...
29.08.2020 17:50 - Log.MarketModel.JuliaInterface - INFO - including NEX Constraints for: R1, R2, R3
29.08.2020 17:50 - Log.MarketModel.JuliaInterface - INFO - Adding Objective Function...
29.08.2020 17:50 - Log.MarketModel.JuliaInterface - INFO - Solving...
29.08.2020 17:50 - Log.MarketModel.JuliaInterface - INFO - 13.640999 seconds (46.33 M allocations: 2.293 GiB, 7.34% gc time)
29.08.2020 17:50 - Log.MarketModel.JuliaInterface - INFO - Objective: 879669.9853986754
29.08.2020 17:50 - Log.MarketModel.JuliaInterface - INFO - Objective: OPTIMAL
29.08.2020 17:50 - Log.MarketModel.JuliaInterface - INFO - Solvetime: 13.96 seconds
29.08.2020 17:50 - Log.MarketModel.JuliaInterface - INFO - Model Done!
29.08.2020 17:50 - Log.MarketModel.JuliaInterface - INFO - Saving results to folder C:\Users\riw\Documents\repositories\pomato\examples/data_temp/julia_files/results/2908_1749_56996...
29.08.2020 17:50 - Log.MarketModel.JuliaInterface - INFO - All Results Saved!
29.08.2020 17:50 - Log.MarketModel.JuliaInterface - INFO - Everything Done!
29.08.2020 17:50 - Log.MarketModel.JuliaInterface - INFO - Done with market model.
29.08.2020 17:50 - Log.MarketModel.JuliaInterface - INFO - Program Done
29.08.2020 17:50 - Log.MarketModel.JuliaInterface - INFO - End-Time: 17:50:20
29.08.2020 17:50 - Log.MarketModel.JuliaInterface - INFO - Total Time: 73.032342 sec
29.08.2020 17:50 - Log.MarketModel.DataManagement.ResultData - INFO - Loading Results from results folder 2908_1749_56996
29.08.2020 17:50 - Log.MarketModel.DataManagement.ResultData - WARNING - EB_heat not in results folder 2908_1749_56996
29.08.2020 17:50 - Log.MarketModel.DataManagement.ResultData - WARNING - INFEAS_LINES not in results folder 2908_1749_56996
29.08.2020 17:50 - Log.MarketModel.BokehPlot - INFO - Creating Folder Structure
29.08.2020 17:50 - Log.MarketModel.BokehPlot - INFO - initializing bokeh plot with from folder: C:\Users\riw\Documents\repositories\pomato\examples\data_temp\julia_files\results\2908_1749_56996
29.08.2020 17:50 - Log.MarketModel.DataManagement.ResultData - INFO - Calculating N-0 Flows for the full model horizon
29.08.2020 17:50 - Log.MarketModel.DataManagement.ResultData - INFO - Calculating N-1 Flows for the full model horizon
29.08.2020 17:50 - Log.MarketModel.DataManagement.ResultData - INFO - Using all lines from grid model as CBs
29.08.2020 17:50 - Log.MarketModel.DataManagement.ResultData - INFO - Using COs with a sensitivity of 5 percent to CBs
29.08.2020 17:50 - Log.MarketModel.DataManagement.ResultData - INFO - Done Calculating N-1 Flows
29.08.2020 17:53 - Log.MarketModel.JuliaInterface - INFO - Failed to read from file C:\Users\riw\Documents\repositories\pomato\examples/data_temp/julia_files/daemon_market_model.json)
29.08.2020 17:53 - Log.MarketModel.JuliaInterface - INFO - Failed to read from file C:\Users\riw\Documents\repositories\pomato\examples/data_temp/julia_files/daemon_market_model.json)
29.08.2020 17:53 - Log.MarketModel.JuliaInterface - INFO - Failed to read from file C:\Users\riw\Documents\repositories\pomato\examples/data_temp/julia_files/daemon_market_model.json)
29.08.2020 17:53 - Log.MarketModel.JuliaInterface - INFO - Failed to read from file C:\Users\riw\Documents\repositories\pomato\examples/data_temp/julia_files/daemon_market_model.json)
29.08.2020 17:53 - Log.MarketModel.JuliaInterface - INFO - Failed to read from file C:\Users\riw\Documents\repositories\pomato\examples/data_temp/julia_files/daemon_market_model.json)
29.08.2020 17:53 - Log.MarketModel.JuliaInterface - INFO - Failed to read from file C:\Users\riw\Documents\repositories\pomato\examples/data_temp/julia_files/daemon_market_model.json)
29.08.2020 17:53 - Log.MarketModel.JuliaInterface - INFO - Failed to read from file C:\Users\riw\Documents\repositories\pomato\examples/data_temp/julia_files/daemon_market_model.json)
29.08.2020 17:53 - Log.MarketModel.JuliaInterface - INFO - Failed to read from file C:\Users\riw\Documents\repositories\pomato\examples/data_temp/julia_files/daemon_market_model.json)
29.08.2020 17:53 - Log.MarketModel.JuliaInterface - INFO - Failed to read from file C:\Users\riw\Documents\repositories\pomato\examples/data_temp/julia_files/daemon_market_model.json)
29.08.2020 17:53 - Log.MarketModel.JuliaInterface - INFO - Failed to read from file C:\Users\riw\Documents\repositories\pomato\examples/data_temp/julia_files/daemon_market_model.json)
29.08.2020 17:53 - Log.MarketModel.JuliaInterface - INFO - Failed to read from file C:\Users\riw\Documents\repositories\pomato\examples/data_temp/julia_files/daemon_market_model.json)
29.08.2020 17:53 - Log.MarketModel.JuliaInterface - INFO - Failed to read from file C:\Users\riw\Documents\repositories\pomato\examples/data_temp/julia_files/daemon_market_model.json)
29.08.2020 17:53 - Log.MarketModel.JuliaInterface - INFO - Failed to read from file C:\Users\riw\Documents\repositories\pomato\examples/data_temp/julia_files/daemon_market_model.json)
29.08.2020 17:53 - Log.MarketModel.JuliaInterface - INFO - Failed to read from file C:\Users\riw\Documents\repositories\pomato\examples/data_temp/julia_files/daemon_market_model.json)
29.08.2020 17:53 - Log.MarketModel.JuliaInterface - INFO - Failed to read from file C:\Users\riw\Documents\repositories\pomato\examples/data_temp/julia_files/daemon_market_model.json)
29.08.2020 17:53 - Log.MarketModel.JuliaInterface - INFO - Failed to read from file C:\Users\riw\Documents\repositories\pomato\examples/data_temp/julia_files/daemon_market_model.json)
29.08.2020 17:53 - Log.MarketModel.DataManagement - ERROR - attributes missing in lines
29.08.2020 17:53 - Log.MarketModel.DataManagement - ERROR - attributes missing in lines
29.08.2020 17:53 - Log.MarketModel.JuliaInterface - INFO - Failed to read from file C:\Users\riw\Documents\repositories\pomato\examples/data_temp/julia_files/daemon_market_model.json)
29.08.2020 17:53 - Log.MarketModel.DataManagement - ERROR - attributes missing in lines
29.08.2020 17:53 - Log.MarketModel.DataManagement - ERROR - attributes missing in lines
29.08.2020 17:53 - Log.MarketModel.DataManagement - ERROR - Data File not found!
29.08.2020 17:53 - Log.MarketModel - INFO - Market Tool Initialized
29.08.2020 17:53 - Log.MarketModel - INFO - Creating Folder Structure
29.08.2020 17:53 - Log.MarketModel - INFO - Optimization Options:{
  "optimization": {
    "type": "ntc",
    "model_horizon": [
      0,
      4
    ],
    "heat_model": false,
    "constrain_nex": false,
    "timeseries": {
      "split": true,
      "market_horizon": 1000,
      "redispatch_horizon": 24
    },
    "redispatch": {
      "include": false,
      "zonal_redispatch": false,
      "zones": [],
      "cost": 1
    },
    "curtailment": {
      "include": false,
      "cost": 1000.0
    },
    "chance_constrained": {
      "include": false,
      "fixed_alpha": true,
      "cc_res_mw": 50,
      "alpha_plants_mw": 200
    },
    "parameters": {
      "storage_start": 0.65
    },
    "infeasibility": {
      "heat": {
        "include": false,
        "cost": 1000.0,
        "bound": 20
      },
      "electricity": {
        "include": true,
        "cost": 100.0,
        "bound": 200
      },
      "lines": {
        "include": false,
        "cost": 1000.0,
        "bound": 20
      }
    },
    "plant_types": {
      "es": [],
      "hs": [],
      "ts": [
        "wind",
        "solar",
        "ror_ts"
      ],
      "ph": []
    }
  },
  "grid": {
    "cbco_option": "clarkson_base",
    "precalc_filename": "",
    "sensitivity": 0.05,
    "capacity_multiplier": 0.8,
    "preprocess": true,
    "gsk": "gmax",
    "minram": 0.2
  },
  "data": {
    "stacked": [
      "demand_el_rt",
      "demand_el_da",
      "availability_da",
      "availability_rt",
      "net_export"
    ],
    "unique_mc": false,
    "data_type": "nrel",
    "process": [],
    "process_input": true,
    "default_net_position": 0
  }
}

29.08.2020 17:53 - Log.MarketModel.JuliaInterface - INFO - Initializing MarketModel...
29.08.2020 17:53 - Log.MarketModel.JuliaInterface - INFO - Creating Folder Structure
29.08.2020 17:53 - Log.MarketModel.JuliaInterface - INFO - Failed to read from file C:\Users\riw\Documents\repositories\pomato\examples/data_temp/julia_files/daemon_market_model.json)
29.08.2020 17:53 - Log.MarketModel.GridTopology - INFO - Calculating Grid Parameters!
29.08.2020 17:53 - Log.MarketModel.GridTopology - INFO - The network consits of 1 components. Making sure a slack is set for each.
29.08.2020 17:53 - Log.MarketModel.GridTopology - INFO - Calculating PTDF and PSDF Matrices!
29.08.2020 17:53 - Log.MarketModel.GridTopology - INFO - Checking Grid Topology...
29.08.2020 17:53 - Log.MarketModel.GridTopology - INFO - Radial nodes are set as contingency:
29.08.2020 17:53 - Log.MarketModel.GridTopology - INFO - Contingency of 7 lines is set to false
29.08.2020 17:53 - Log.MarketModel.GridTopology - INFO - Radial lines are set as contingency:
29.08.2020 17:53 - Log.MarketModel.GridTopology - INFO - Contingency of 2 lines is set to false
29.08.2020 17:53 - Log.MarketModel.GridTopology - INFO - Total number of Lines: 186
29.08.2020 17:53 - Log.MarketModel.GridTopology - INFO - Total number of contingencies: 177
29.08.2020 17:53 - Log.MarketModel.GridTopology - INFO - Calculating LODF Matrix!
29.08.2020 17:53 - Log.MarketModel.GridTopology - INFO - Grid parameters Calculated!
29.08.2020 17:53 - Log.MarketModel.JuliaInterface - INFO - MarketModel Initialized!
29.08.2020 17:53 - Log.MarketModel.JuliaInterface - INFO - Failed to read from file C:\Users\riw\Documents\repositories\pomato\examples/data_temp/julia_files/daemon_market_model.json)
29.08.2020 17:53 - Log.MarketModel.JuliaInterface - INFO - MarketModel Initialized!
29.08.2020 17:53 - Log.MarketModel.JuliaInterface - INFO - Start-Time: 17:53:29
29.08.2020 17:53 - Log.MarketModel.JuliaInterface - INFO - Loading Clp...
29.08.2020 17:53 - Log.MarketModel.JuliaInterface - INFO - Process ready!
29.08.2020 17:53 - Log.MarketModel.JuliaInterface - INFO - Loading Clp Solver...
29.08.2020 17:53 - Log.MarketModel.JuliaInterface - INFO - Starting with market_model
29.08.2020 17:53 - Log.MarketModel.JuliaInterface - INFO - Run market model, including redispatch
29.08.2020 17:53 - Log.MarketModel.JuliaInterface - INFO - No logfile Found, logging only to console.
29.08.2020 17:53 - Log.MarketModel.JuliaInterface - INFO - Read Model Data..
29.08.2020 17:53 - Log.MarketModel.JuliaInterface - INFO - Reading Model Data from: C:\Users\riw\Documents\repositories\pomato\examples/data_temp/julia_files/data/
29.08.2020 17:53 - Log.MarketModel.JuliaInterface - INFO - Data Prepared
29.08.2020 17:53 - Log.MarketModel.JuliaInterface - INFO - Creating Results Folder
29.08.2020 17:53 - Log.MarketModel.JuliaInterface - INFO - Using Real Time timeseries
29.08.2020 17:53 - Log.MarketModel.JuliaInterface - INFO - Adding Variables and Expressions..
29.08.2020 17:53 - Log.MarketModel.JuliaInterface - INFO - Add Base Model
29.08.2020 17:53 - Log.MarketModel.JuliaInterface - INFO - Adding NTC Constraints...
29.08.2020 17:53 - Log.MarketModel.JuliaInterface - INFO - Adding NEX Constraints...
29.08.2020 17:53 - Log.MarketModel.JuliaInterface - INFO - including NEX Constraints for: R1, R2, R3
29.08.2020 17:53 - Log.MarketModel.JuliaInterface - INFO - Adding Objective Function...
29.08.2020 17:53 - Log.MarketModel.JuliaInterface - INFO - Solving...
29.08.2020 17:53 - Log.MarketModel.JuliaInterface - INFO - 0.027830 seconds (208.90 k allocations: 8.367 MiB)
29.08.2020 17:53 - Log.MarketModel.JuliaInterface - INFO - Objective: 699168.7051889758
29.08.2020 17:53 - Log.MarketModel.JuliaInterface - INFO - Objective: OPTIMAL
29.08.2020 17:53 - Log.MarketModel.JuliaInterface - INFO - Solvetime: 0.03 seconds
29.08.2020 17:53 - Log.MarketModel.JuliaInterface - INFO - Model Done!
29.08.2020 17:53 - Log.MarketModel.JuliaInterface - INFO - Using Real Time timeseries
29.08.2020 17:53 - Log.MarketModel.JuliaInterface - INFO - Initializing Redispatch Model for zones ["R1", "R2", "R3"] Timestep t0001
29.08.2020 17:53 - Log.MarketModel.JuliaInterface - INFO - 186 lines part of the redispatch network
29.08.2020 17:53 - Log.MarketModel.JuliaInterface - INFO - Solving...
29.08.2020 17:53 - Log.MarketModel.JuliaInterface - INFO - Objective: 699168.7051889759
29.08.2020 17:53 - Log.MarketModel.JuliaInterface - INFO - Objective: OPTIMAL
29.08.2020 17:53 - Log.MarketModel.JuliaInterface - INFO - Solvetime: 0.19 seconds
29.08.2020 17:53 - Log.MarketModel.JuliaInterface - INFO - Creating Results Folder
29.08.2020 17:53 - Log.MarketModel.JuliaInterface - INFO - Saving results to folder C:\Users\riw\Documents\repositories\pomato\examples/data_temp/julia_files/results/2908_1753_30644_redispatch_R1_R2_R3...
29.08.2020 17:53 - Log.MarketModel.JuliaInterface - INFO - All Results Saved!
29.08.2020 17:53 - Log.MarketModel.JuliaInterface - INFO - Creating Results Folder
29.08.2020 17:53 - Log.MarketModel.JuliaInterface - INFO - Saving results to folder C:\Users\riw\Documents\repositories\pomato\examples/data_temp/julia_files/results/2908_1753_30644_market_results...
29.08.2020 17:53 - Log.MarketModel.JuliaInterface - INFO - All Results Saved!
29.08.2020 17:53 - Log.MarketModel.JuliaInterface - INFO - Everything Done!
29.08.2020 17:53 - Log.MarketModel.JuliaInterface - INFO - Everything Done!
29.08.2020 17:53 - Log.MarketModel.JuliaInterface - INFO - Done with market model.
29.08.2020 17:53 - Log.MarketModel.JuliaInterface - INFO - Program Done
29.08.2020 17:53 - Log.MarketModel.JuliaInterface - INFO - End-Time: 17:53:38
29.08.2020 17:53 - Log.MarketModel.JuliaInterface - INFO - Total Time: 9.620101 sec
29.08.2020 17:53 - Log.MarketModel.JuliaInterface - INFO - MarketModel Initialized!
29.08.2020 17:53 - Log.MarketModel.JuliaInterface - INFO - MarketModel Initialized!
29.08.2020 17:53 - Log.MarketModel.JuliaInterface - INFO - Start-Time: 17:53:39
29.08.2020 17:53 - Log.MarketModel.JuliaInterface - INFO - Process ready!
29.08.2020 17:53 - Log.MarketModel.JuliaInterface - INFO - Loading Clp Solver...
29.08.2020 17:53 - Log.MarketModel.JuliaInterface - INFO - Starting with market_model
29.08.2020 17:53 - Log.MarketModel.JuliaInterface - INFO - Run market model, including redispatch
29.08.2020 17:53 - Log.MarketModel.JuliaInterface - INFO - No logfile Found, logging only to console.
29.08.2020 17:53 - Log.MarketModel.JuliaInterface - INFO - Read Model Data..
29.08.2020 17:53 - Log.MarketModel.JuliaInterface - INFO - Reading Model Data from: C:\Users\riw\Documents\repositories\pomato\examples/data_temp/julia_files/data/
29.08.2020 17:53 - Log.MarketModel.JuliaInterface - INFO - Data Prepared
29.08.2020 17:53 - Log.MarketModel.JuliaInterface - INFO - Creating Results Folder
29.08.2020 17:53 - Log.MarketModel.JuliaInterface - INFO - Using Real Time timeseries
29.08.2020 17:53 - Log.MarketModel.JuliaInterface - INFO - Adding Variables and Expressions..
29.08.2020 17:53 - Log.MarketModel.JuliaInterface - INFO - Add Base Model
29.08.2020 17:53 - Log.MarketModel.JuliaInterface - INFO - Adding NTC Constraints...
29.08.2020 17:53 - Log.MarketModel.JuliaInterface - INFO - Adding Objective Function...
29.08.2020 17:53 - Log.MarketModel.JuliaInterface - INFO - Solving...
29.08.2020 17:53 - Log.MarketModel.JuliaInterface - INFO - 0.041043 seconds (206.95 k allocations: 8.309 MiB, 29.84% gc time)
29.08.2020 17:53 - Log.MarketModel.JuliaInterface - INFO - Objective: 671617.5402632973
29.08.2020 17:53 - Log.MarketModel.JuliaInterface - INFO - Objective: OPTIMAL
29.08.2020 17:53 - Log.MarketModel.JuliaInterface - INFO - Solvetime: 0.04 seconds
29.08.2020 17:53 - Log.MarketModel.JuliaInterface - INFO - Model Done!
29.08.2020 17:53 - Log.MarketModel.JuliaInterface - INFO - Using Real Time timeseries
29.08.2020 17:53 - Log.MarketModel.JuliaInterface - INFO - Initializing Redispatch Model for zones ["R1", "R2", "R3"] Timestep t0001
29.08.2020 17:53 - Log.MarketModel.JuliaInterface - INFO - 186 lines part of the redispatch network
29.08.2020 17:53 - Log.MarketModel.JuliaInterface - INFO - Solving...
29.08.2020 17:53 - Log.MarketModel.JuliaInterface - INFO - Coin0506I Presolve 472 (-920) rows, 1836 (-460) columns and 3736 (-1808) elements
29.08.2020 17:53 - Log.MarketModel.JuliaInterface - INFO - Clp0006I 0  Obj 0 Primal inf 246744.04 (448)
29.08.2020 17:53 - Log.MarketModel.JuliaInterface - INFO - Clp0006I 84  Obj 1.8371748e-12 Primal inf 297809.27 (448)
29.08.2020 17:53 - Log.MarketModel.JuliaInterface - INFO - Clp0006I 168  Obj 1.2418827e-12 Primal inf 202328.1 (448)
29.08.2020 17:53 - Log.MarketModel.JuliaInterface - INFO - Clp0006I 252  Obj 873770.7 Primal inf 108794.38 (420)
29.08.2020 17:53 - Log.MarketModel.JuliaInterface - INFO - Clp0006I 336  Obj 877441.87 Primal inf 83330.048 (336)
29.08.2020 17:53 - Log.MarketModel.JuliaInterface - INFO - Clp0006I 420  Obj 879669.99 Primal inf 59913.71 (260)
29.08.2020 17:53 - Log.MarketModel.JuliaInterface - INFO - Clp0006I 504  Obj 879669.99 Primal inf 35901.71 (175)
29.08.2020 17:53 - Log.MarketModel.JuliaInterface - INFO - Clp0006I 588  Obj 879669.99 Primal inf 20093.81 (89)
29.08.2020 17:53 - Log.MarketModel.JuliaInterface - INFO - Clp0006I 672  Obj 879669.99 Primal inf 194.1491 (1)
29.08.2020 17:53 - Log.MarketModel.JuliaInterface - INFO - Clp0006I 674  Obj 879669.99
29.08.2020 17:53 - Log.MarketModel.JuliaInterface - INFO - Clp0000I Optimal - objective value 879669.99
29.08.2020 17:53 - Log.MarketModel.JuliaInterface - INFO - Coin0511I After Postsolve, objective 879669.99, infeasibilities - dual 0 (0), primal 0 (0)
29.08.2020 17:53 - Log.MarketModel.JuliaInterface - INFO - Clp0032I Optimal objective 879669.9854 - 674 iterations time 0.012, Presolve 0.00
29.08.2020 17:53 - Log.MarketModel.JuliaInterface - INFO - Coin0506I Presolve 472 (-920) rows, 1833 (-463) columns and 3762 (-1782) elements
29.08.2020 17:53 - Log.MarketModel.JuliaInterface - INFO - Clp0006I 0  Obj 0 Primal inf 246744.04 (448)
29.08.2020 17:53 - Log.MarketModel.JuliaInterface - INFO - Clp0006I 84  Obj 1.8371748e-12 Primal inf 297809.27 (448)
29.08.2020 17:53 - Log.MarketModel.JuliaInterface - INFO - Clp0006I 168  Obj 1.2418827e-12 Primal inf 202328.1 (448)
29.08.2020 17:53 - Log.MarketModel.JuliaInterface - INFO - Clp0006I 252  Obj 607888.84 Primal inf 114879.14 (423)
29.08.2020 17:53 - Log.MarketModel.JuliaInterface - INFO - Clp0006I 336  Obj 699168.71 Primal inf 82206.505 (339)
29.08.2020 17:53 - Log.MarketModel.JuliaInterface - INFO - Clp0006I 420  Obj 699168.71 Primal inf 58680.649 (257)
29.08.2020 17:53 - Log.MarketModel.JuliaInterface - INFO - Clp0006I 504  Obj 699168.71 Primal inf 35469.049 (172)
29.08.2020 17:53 - Log.MarketModel.JuliaInterface - INFO - Clp0006I 588  Obj 699168.71 Primal inf 21061.849 (88)
29.08.2020 17:53 - Log.MarketModel.JuliaInterface - INFO - Clp0006I 672  Obj 699168.71
29.08.2020 17:53 - Log.MarketModel.JuliaInterface - INFO - Clp0000I Optimal - objective value 699168.71
29.08.2020 17:53 - Log.MarketModel.JuliaInterface - INFO - Coin0511I After Postsolve, objective 699168.71, infeasibilities - dual 0 (0), primal 0 (0)
29.08.2020 17:53 - Log.MarketModel.JuliaInterface - INFO - Clp0032I Optimal objective 699168.7052 - 672 iterations time 0.012, Presolve 0.00
29.08.2020 17:53 - Log.MarketModel.JuliaInterface - INFO - Coin0506I Presolve 1244 (-3628) rows, 2177 (-3759) columns and 80654 (-18706) elements
29.08.2020 17:53 - Log.MarketModel.JuliaInterface - INFO - Clp0006I 0  Obj 629604.8 Primal inf 47485404 (852) Dual inf 26010.174 (27)
29.08.2020 17:53 - Log.MarketModel.JuliaInterface - INFO - Clp0006I 31  Obj 418013.09 Primal inf 6492584.3 (716)
29.08.2020 17:53 - Log.MarketModel.JuliaInterface - INFO - Clp0006I 76  Obj 418013.09 Primal inf 3069530.4 (677)
29.08.2020 17:53 - Log.MarketModel.JuliaInterface - INFO - Clp0006I 118  Obj 418013.09 Primal inf 7394342.6 (675)
29.08.2020 17:53 - Log.MarketModel.JuliaInterface - INFO - Clp0006I 172  Obj 418013.09 Primal inf 9748962.4 (675)
29.08.2020 17:53 - Log.MarketModel.JuliaInterface - INFO - Clp0006I 232  Obj 418013.09 Primal inf 2067276.3 (624)
29.08.2020 17:53 - Log.MarketModel.JuliaInterface - INFO - Clp0006I 298  Obj 418013.09 Primal inf 2756622 (633)
29.08.2020 17:53 - Log.MarketModel.JuliaInterface - INFO - Clp0006I 371  Obj 418575.17 Primal inf 806671.86 (588)
29.08.2020 17:53 - Log.MarketModel.JuliaInterface - INFO - Clp0006I 470  Obj 666418.7 Primal inf 5357036.1 (605)
29.08.2020 17:53 - Log.MarketModel.JuliaInterface - INFO - Clp0006I 569  Obj 666418.7 Primal inf 11235778 (537)
29.08.2020 17:53 - Log.MarketModel.JuliaInterface - INFO - Clp0006I 668  Obj 672293.74 Primal inf 78477524 (558)
29.08.2020 17:53 - Log.MarketModel.JuliaInterface - INFO - Clp0006I 767  Obj 686005.95 Primal inf 15597082 (383)
29.08.2020 17:53 - Log.MarketModel.JuliaInterface - INFO - Clp0006I 866  Obj 686005.95 Primal inf 3.7571634e+08 (363)
29.08.2020 17:53 - Log.MarketModel.JuliaInterface - INFO - Clp0006I 965  Obj 690511.58 Primal inf 67673176 (264)
29.08.2020 17:53 - Log.MarketModel.JuliaInterface - INFO - Clp0006I 1064  Obj 699103.81 Primal inf 7.219988 (12)
29.08.2020 17:53 - Log.MarketModel.JuliaInterface - INFO - Clp0006I 1076  Obj 699168.71
29.08.2020 17:53 - Log.MarketModel.JuliaInterface - INFO - Clp0000I Optimal - objective value 699168.71
29.08.2020 17:53 - Log.MarketModel.JuliaInterface - INFO - Coin0511I After Postsolve, objective 699168.71, infeasibilities - dual 0 (0), primal 0 (0)
29.08.2020 17:53 - Log.MarketModel.JuliaInterface - INFO - Clp0032I Optimal objective 699168.7052 - 1076 iterations time 0.082, Presolve 0.02
29.08.2020 17:53 - Log.MarketModel.JuliaInterface - INFO - Coin0506I Presolve 448 (-920) rows, 1839 (-457) columns and 3678 (-1770) elements
29.08.2020 17:53 - Log.MarketModel.JuliaInterface - INFO - Clp0006I 0  Obj 0 Primal inf 246744.04 (448)
29.08.2020 17:53 - Log.MarketModel.JuliaInterface - INFO - Clp0006I 83  Obj 1.8217108e-12 Primal inf 298609.67 (448)
29.08.2020 17:53 - Log.MarketModel.JuliaInterface - INFO - Clp0006I 166  Obj 1.254214e-12 Primal inf 203928.9 (448)
29.08.2020 17:53 - Log.MarketModel.JuliaInterface - INFO - Clp0006I 249  Obj 653020.1 Primal inf 110803.6 (402)
29.08.2020 17:53 - Log.MarketModel.JuliaInterface - INFO - Clp0006I 332  Obj 671617.54 Primal inf 78309.305 (319)
29.08.2020 17:53 - Log.MarketModel.JuliaInterface - INFO - Clp0006I 415  Obj 671617.54 Primal inf 51277.049 (237)
29.08.2020 17:53 - Log.MarketModel.JuliaInterface - INFO - Clp0006I 498  Obj 671617.54 Primal inf 32067.449 (152)
29.08.2020 17:53 - Log.MarketModel.JuliaInterface - INFO - Clp0006I 581  Obj 671617.54 Primal inf 17260.049 (70)
29.08.2020 17:53 - Log.MarketModel.JuliaInterface - INFO - Clp0006I 644  Obj 671617.54
29.08.2020 17:53 - Log.MarketModel.JuliaInterface - INFO - Clp0000I Optimal - objective value 671617.54
29.08.2020 17:53 - Log.MarketModel.JuliaInterface - INFO - Coin0511I After Postsolve, objective 671617.54, infeasibilities - dual 0 (0), primal 0 (0)
29.08.2020 17:53 - Log.MarketModel.JuliaInterface - INFO - Clp0032I Optimal objective 671617.5403 - 644 iterations time 0.012, Presolve 0.00
29.08.2020 17:53 - Log.MarketModel.JuliaInterface - INFO - Coin0506I Presolve 1248 (-3624) rows, 2191 (-3745) columns and 80678 (-18682) elements
29.08.2020 17:53 - Log.MarketModel.JuliaInterface - INFO - Clp0006I 0  Obj 674027.2 Primal inf 47483183 (856) Dual inf 29806.131 (30)
29.08.2020 17:53 - Log.MarketModel.JuliaInterface - INFO - Clp0006I 31  Obj 408475.09 Primal inf 6492747.1 (720)
29.08.2020 17:53 - Log.MarketModel.JuliaInterface - INFO - Clp0006I 76  Obj 408475.09 Primal inf 3069693.2 (681)
29.08.2020 17:53 - Log.MarketModel.JuliaInterface - INFO - Clp0006I 118  Obj 408475.09 Primal inf 7394505.4 (679)
29.08.2020 17:53 - Log.MarketModel.JuliaInterface - INFO - Clp0006I 172  Obj 408475.09 Primal inf 9749125.2 (679)
29.08.2020 17:53 - Log.MarketModel.JuliaInterface - INFO - Clp0006I 232  Obj 408475.09 Primal inf 2067439.1 (628)
29.08.2020 17:53 - Log.MarketModel.JuliaInterface - INFO - Clp0006I 298  Obj 408475.09 Primal inf 2756784.8 (637)
29.08.2020 17:53 - Log.MarketModel.JuliaInterface - INFO - Clp0006I 371  Obj 409037.17 Primal inf 806834.66 (592)
29.08.2020 17:53 - Log.MarketModel.JuliaInterface - INFO - Clp0006I 470  Obj 645249.98 Primal inf 24700 Objective: 671577.5402632973
29.08.2020 17:53 - Log.MarketModel.JuliaInterface - INFO - Objective: OPTIMAL
29.08.2020 17:53 - Log.MarketModel.JuliaInterface - INFO - Solvetime: 0.21 seconds
29.08.2020 17:53 - Log.MarketModel.JuliaInterface - INFO - Creating Results Folder
29.08.2020 17:53 - Log.MarketModel.JuliaInterface - INFO - Saving results to folder C:\Users\riw\Documents\repositories\pomato\examples/data_temp/julia_files/results/2908_1753_39521_redispatch_R1_R2_R3...
29.08.2020 17:53 - Log.MarketModel.JuliaInterface - INFO - All Results Saved!
29.08.2020 17:53 - Log.MarketModel.JuliaInterface - INFO - Creating Results Folder
29.08.2020 17:53 - Log.MarketModel.JuliaInterface - INFO - Saving results to folder C:\Users\riw\Documents\repositories\pomato\examples/data_temp/julia_files/results/2908_1753_39521_market_results...
29.08.2020 17:53 - Log.MarketModel.JuliaInterface - INFO - All Results Saved!
29.08.2020 17:53 - Log.MarketModel.JuliaInterface - INFO - Everything Done!
29.08.2020 17:53 - Log.MarketModel.JuliaInterface - INFO - Everything Done!
29.08.2020 17:53 - Log.MarketModel.JuliaInterface - INFO - Done with market model.
29.08.2020 17:53 - Log.MarketModel.JuliaInterface - INFO - Program Done
29.08.2020 17:53 - Log.MarketModel.JuliaInterface - INFO - End-Time: 17:53:40
29.08.2020 17:53 - Log.MarketModel.JuliaInterface - INFO - Total Time: 0.806014 sec
29.08.2020 17:53 - Log.MarketModel.JuliaInterface - INFO - MarketModel Initialized!
29.08.2020 17:53 - Log.MarketModel.JuliaInterface - INFO - MarketModel Initialized!
29.08.2020 17:53 - Log.MarketModel.JuliaInterface - INFO - Start-Time: 17:53:40
29.08.2020 17:53 - Log.MarketModel.JuliaInterface - INFO - Process ready!
29.08.2020 17:53 - Log.MarketModel.JuliaInterface - INFO - Loading Clp Solver...
29.08.2020 17:53 - Log.MarketModel.JuliaInterface - INFO - Starting with market_model
29.08.2020 17:53 - Log.MarketModel.JuliaInterface - INFO - Run market model, including redispatch
29.08.2020 17:53 - Log.MarketModel.JuliaInterface - INFO - No logfile Found, logging only to console.
29.08.2020 17:53 - Log.MarketModel.JuliaInterface - INFO - Read Model Data..
29.08.2020 17:53 - Log.MarketModel.JuliaInterface - INFO - Reading Model Data from: C:\Users\riw\Documents\repositories\pomato\examples/data_temp/julia_files/data/
29.08.2020 17:53 - Log.MarketModel.JuliaInterface - INFO - Data Prepared
29.08.2020 17:53 - Log.MarketModel.JuliaInterface - INFO - Creating Results Folder
29.08.2020 17:53 - Log.MarketModel.JuliaInterface - INFO - Using Real Time timeseries
29.08.2020 17:53 - Log.MarketModel.JuliaInterface - INFO - Adding Variables and Expressions..
29.08.2020 17:53 - Log.MarketModel.JuliaInterface - INFO - Add Base Model
29.08.2020 17:53 - Log.MarketModel.JuliaInterface - INFO - Adding FlowBased Constraints...
29.08.2020 17:53 - Log.MarketModel.JuliaInterface - INFO - adding zonal PTDF
29.08.2020 17:53 - Log.MarketModel.JuliaInterface - INFO - Adding Objective Function...
29.08.2020 17:53 - Log.MarketModel.JuliaInterface - INFO - Solving...
29.08.2020 17:53 - Log.MarketModel.JuliaInterface - INFO - 0.060714 seconds (328.85 k allocations: 12.043 MiB, 31.17% gc time)
29.08.2020 17:53 - Log.MarketModel.JuliaInterface - INFO - Objective: 430487.7138050426
29.08.2020 17:53 - Log.MarketModel.JuliaInterface - INFO - Objective: OPTIMAL
29.08.2020 17:53 - Log.MarketModel.JuliaInterface - INFO - Solvetime: 0.06 seconds
29.08.2020 17:53 - Log.MarketModel.JuliaInterface - INFO - Model Done!
29.08.2020 17:53 - Log.MarketModel.JuliaInterface - INFO - Using Real Time timeseries
29.08.2020 17:53 - Log.MarketModel.JuliaInterface - INFO - Initializing Redispatch Model for zones ["R1", "R2", "R3"] Timestep t0001
29.08.2020 17:53 - Log.MarketModel.JuliaInterface - INFO - 186 lines part of the redispatch network
29.08.2020 17:53 - Log.MarketModel.JuliaInterface - INFO - Solving...
29.08.2020 17:53 - Log.MarketModel.JuliaInterface - INFO - Objective: 467549.588901367
29.08.2020 17:53 - Log.MarketModel.JuliaInterface - INFO - Objective: OPTIMAL
29.08.2020 17:53 - Log.MarketModel.JuliaInterface - INFO - Solvetime: 0.25 seconds
29.08.2020 17:53 - Log.MarketModel.JuliaInterface - INFO - Creating Results Folder
29.08.2020 17:53 - Log.MarketModel.JuliaInterface - INFO - Saving results to folder C:\Users\riw\Documents\repositories\pomato\examples/data_temp/julia_files/results/2908_1753_40743_redispatch_R1_R2_R3...
29.08.2020 17:53 - Log.MarketModel.JuliaInterface - INFO - All Results Saved!
29.08.2020 17:53 - Log.MarketModel.JuliaInterface - INFO - Creating Results Folder
29.08.2020 17:53 - Log.MarketModel.JuliaInterface - INFO - Saving results to folder C:\Users\riw\Documents\repositories\pomato\examples/data_temp/julia_files/results/2908_1753_40743_market_results...
29.08.2020 17:53 - Log.MarketModel.JuliaInterface - INFO - All Results Saved!
29.08.2020 17:53 - Log.MarketModel.JuliaInterface - INFO - Everything Done!
29.08.2020 17:53 - Log.MarketModel.JuliaInterface - INFO - Everything Done!
29.08.2020 17:53 - Log.MarketModel.JuliaInterface - INFO - Done with market model.
29.08.2020 17:53 - Log.MarketModel.JuliaInterface - INFO - Program Done
29.08.2020 17:53 - Log.MarketModel.JuliaInterface - INFO - End-Time: 17:53:42
29.08.2020 17:53 - Log.MarketModel.JuliaInterface - INFO - Total Time: 2.017313 sec
29.08.2020 17:53 - Log.MarketModel.JuliaInterface - INFO - MarketModel Initialized!
29.08.2020 17:53 - Log.MarketModel.JuliaInterface - INFO - MarketModel Initialized!
29.08.2020 17:53 - Log.MarketModel.JuliaInterface - INFO - Start-Time: 17:53:42
29.08.2020 17:53 - Log.MarketModel.JuliaInterface - INFO - Process ready!
29.08.2020 17:53 - Log.MarketModel.JuliaInterface - INFO - Loading Clp Solver...
29.08.2020 17:53 - Log.MarketModel.JuliaInterface - INFO - Starting with market_model
29.08.2020 17:53 - Log.MarketModel.JuliaInterface - INFO - Run market model, including redispatch
29.08.2020 17:53 - Log.MarketModel.JuliaInterface - INFO - No logfile Found, logging only to console.
29.08.2020 17:53 - Log.MarketModel.JuliaInterface - INFO - Read Model Data..
29.08.2020 17:53 - Log.MarketModel.JuliaInterface - INFO - Reading Model Data from: C:\Users\riw\Documents\repositories\pomato\examples/data_temp/julia_files/data/
29.08.2020 17:53 - Log.MarketModel.JuliaInterface - INFO - Data Prepared
29.08.2020 17:53 - Log.MarketModel.JuliaInterface - INFO - Creating Results Folder
29.08.2020 17:53 - Log.MarketModel.JuliaInterface - INFO - Using Real Time timeseries
29.08.2020 17:53 - Log.MarketModel.JuliaInterface - INFO - Adding Variables and Expressions..
29.08.2020 17:53 - Log.MarketModel.JuliaInterface - INFO - Add Base Model
29.08.2020 17:53 - Log.MarketModel.JuliaInterface - INFO - Adding Load Flow Constraints...
29.08.2020 17:53 - Log.MarketModel.JuliaInterface - INFO - Initialized
29.08.2020 17:53 - Log.MarketModel.JuliaInterface - INFO - WARNING: using MarketModel.run_market_model in module Main conflicts with an existing identifier.
29.08.2020 17:53 - Log.MarketModel.JuliaInterface - INFO - Adding Objective Function...
29.08.2020 17:53 - Log.MarketModel.JuliaInterface - INFO - Solving...
29.08.2020 17:53 - Log.MarketModel.JuliaInterface - INFO - 28.3 (579)
29.08.2020 17:53 - Log.MarketModel.JuliaInterface - INFO - Clp0006I 569  Obj 645249.98 Primal inf 2947724.9 (506)
29.08.2020 17:53 - Log.MarketModel.JuliaInterface - INFO - Clp0006I 668  Obj 651125.17 Primal inf 35339076 (506)
29.08.2020 17:53 - Log.MarketModel.JuliaInterface - INFO - Clp0006I 767  Obj 656637.89 Primal inf 29802437 (421)
29.08.2020 17:53 - Log.MarketModel.JuliaInterface - INFO - Clp0006I 866  Obj 656637.89 Primal inf 58642796 (307)
29.08.2020 17:53 - Log.MarketModel.JuliaInterface - INFO - Clp0006I 965  Obj 662020.36 Primal inf 6.4934452e+08 (285)
29.08.2020 17:53 - Log.MarketModel.JuliaInterface - INFO - Clp0006I 1064  Obj 668591.07 Primal inf 4099308.5 (69)
29.08.2020 17:53 - Log.MarketModel.JuliaInterface - INFO - Clp0006I 1123  Obj 671577.5
29.08.2020 17:53 - Log.MarketModel.JuliaInterface - INFO - Clp0000I Optimal - objective value 671577.54
29.08.2020 17:53 - Log.MarketModel.JuliaInterface - INFO - Coin0511I After Postsolve, objective 671577.54, infeasibilities - dual 0 (0), primal 0 (0)
29.08.2020 17:53 - Log.MarketModel.JuliaInterface - INFO - Clp0032I Optimal objective 671577.5403 - 1123 iterations time 0.092, Presolve 0.02
29.08.2020 17:53 - Log.MarketModel.JuliaInterface - INFO - Coin0506I Presolve 1400 (-1420) rows, 1797 (-499) columns and 9098 (-4522) elements
29.08.2020 17:53 - Log.MarketModel.JuliaInterface - INFO - Clp0006I 0  Obj 0 Primal inf 240340.84 (432)
29.08.2020 17:53 - Log.MarketModel.JuliaInterface - INFO - Clp0006I 103  Obj 7.8753266e-14 Primal inf 201965.98 (432)
29.08.2020 17:53 - Log.MarketModel.JuliaInterface - INFO - Clp0006I 206  Obj 226760.93 Primal inf 704659.29 (503)
29.08.2020 17:53 - Log.MarketModel.JuliaInterface - INFO - Clp0006I 309  Obj 413023.23 Primal inf 884021.82 (452)
29.08.2020 17:53 - Log.MarketModel.JuliaInterface - INFO - Clp0006I 412  Obj 430090.31 Primal inf 54656.798 (267)
29.08.2020 17:53 - Log.MarketModel.JuliaInterface - INFO - Clp0006I 515  Obj 430090.31 Primal inf 32039.757 (161)
29.08.2020 17:53 - Log.MarketModel.JuliaInterface - INFO - Clp0006I 618  Obj 430090.31 Primal inf 12052.487 (59)
29.08.2020 17:53 - Log.MarketModel.JuliaInterface - INFO - Clp0006I 671  Obj 430487.71
29.08.2020 17:53 - Log.MarketModel.JuliaInterface - INFO - Clp0000I Optimal - objective value 430487.71
29.08.2020 17:53 - Log.MarketModel.JuliaInterface - INFO - Coin0511I After Postsolve, objective 430487.71, infeasibilities - dual 0 (0), primal 0 (0)
29.08.2020 17:53 - Log.MarketModel.JuliaInterface - INFO - Clp0032I Optimal objective 430487.7138 - 671 iterations time 0.012, Presolve 0.01
29.08.2020 17:53 - Log.MarketModel.JuliaInterface - INFO - Coin0506I Presolve 1240 (-3632) rows, 2166 (-3770) columns and 80636 (-18724) elements
29.08.2020 17:53 - Log.MarketModel.JuliaInterface - INFO - Clp0006I 0  Obj 514150.6 Primal inf 47491177 (848) Dual inf 40772.333 (40)
29.08.2020 17:53 - Log.MarketModel.JuliaInterface - INFO - Clp0006I 31  Obj 212010.29 Primal inf 6505784.5 (712)
29.08.2020 17:53 - Log.MarketModel.JuliaInterface - INFO - Clp0006I 76  Obj 212010.29 Primal inf 3078588.6 (673)
29.08.2020 17:53 - Log.MarketModel.JuliaInterface - INFO - Clp0006I 118  Obj 212010.29 Primal inf 7407542.9 (671)
29.08.2020 17:53 - Log.MarketModel.JuliaInterface - INFO - Clp0006I 172  Obj 212010.29 Primal inf 9761999.8 (671)
29.08.2020 17:53 - Log.MarketModel.JuliaInterface - INFO - Clp0006I 232  Obj 212010.29 Primal inf 2075749.2 (620)
29.08.2020 17:53 - Log.MarketModel.JuliaInterface - INFO - Clp0006I 298  Obj 212010.29 Primal inf 2769170.8 (629)
29.08.2020 17:53 - Log.MarketModel.JuliaInterface - INFO - Clp0006I 371  Obj 212572.37 Primal inf 818856.67 (584)
29.08.2020 17:53 - Log.MarketModel.JuliaInterface - INFO - Clp0006I 470  Obj 214059.54 Primal inf 1.3590707e+08 (635)
29.08.2020 17:53 - Log.MarketModel.JuliaInterface - INFO - Clp0006I 569  Obj 291320.2 Primal inf 1.5919208e+08 (568)
29.08.2020 17:53 - Log.MarketModel.JuliaInterface - INFO - Clp0006I 668  Obj 390875.56 Primal inf 17443475 (423)
29.08.2020 17:53 - Log.MarketModel.JuliaInterface - INFO - Clp0006I 767  Obj 411984.71 Primal inf 13781213 (333)
29.08.2020 17:53 - Log.MarketModel.JuliaInterface - INFO - Clp0006I 866  Obj 411984.71 Primal inf 94194930 (253)
29.08.2020 17:53 - Log.MarketModel.JuliaInterface - INFO - Clp0006I 965  Obj 427140.99 Primal inf 57467065 (165)
29.08.2020 17:53 - Log.MarketModel.JuliaInterface - INFO - Clp0006I 1026  Obj 467549.59
29.08.2020 17:53 - Log.MarketModel.JuliaInterface - INFO - Clp0000I Optimal - objective value 467549.59
29.08.2020 17:53 - Log.MarketModel.JuliaInterface - INFO - Coin0511I After Postsolve, objective 467549.59, infeasibilities - dual 349.89338 (4), primal 0 (0)
29.08.2020 17:53 - Log.MarketModel.JuliaInterface - INFO - Coin0512I Presolved model was optimal, full model needs cleaning up
29.08.2020 17:53 - Log.MarketModel.JuliaInterface - INFO - Clp0006I 0  Obj 467549.59 Primal inf 0.0046531226 (8) Dual inf 2.7030686e+22 (904)
29.08.2020 17:53 - Log.MarketModel.JuliaInterface - INFO - Clp0006I 8  Obj 467549.59 Dual inf 608.2253 (20)
29.08.2020 17:53 - Log.MarketModel.JuliaInterface - INFO - Clp0006I 11  Obj 467549.59 Dual inf 0.00064796342 (8)
29.08.2020 17:53 - Log.MarketModel.JuliaInterface - INFO - Clp0006I 12  Obj 467549.59 Dual inf 0.00049496779 (7)
29.08.2020 17:53 - Log.MarketModel.JuliaInterface - INFO - Clp0006I 13  Obj 467549.59 Dual inf 0.00034210215 (6)
29.08.2020 17:53 - Log.MarketModel.JuliaInterface - INFO - Clp0006I 14  Obj 467549.59 Dual inf 0.00018923651 (5)
29.08.2020 17:53 - Log.MarketModel.JuliaInterface - INFO - Clp0006I 15  Obj 467549.59 Dual inf 3.6370864e-05 (4)
29.08.2020 17:53 - Log.MarketModel.JuliaInterface - INFO - Clp0006I 16  Obj 467549.59 Dual inf 1.4619682e-06 (3)
29.08.2020 17:53 - Log.MarketModel.JuliaInterface - INFO - Clp0000I Optimal - objective value 467549.59
29.08.2020 17:53 - Log.MarketModel.JuliaInterface - INFO - Clp0032I Optimal objective 467549.5889 - 1042 iterations time 0.132, Presolve 0.02
29.08.2020 17:53 - Log.MarketModel.JuliaInterface - INFO - Coin0506I Presolve 1192 (-2372) rows, 1956 (-1828) columns and 80264 (-15172) elements
29.08.2020 17:53 - Log.MarketModel.JuliaInterface - INFO - Clp0006I 0  Obj 0 Primal inf 47072914 (800)
29.08.2020 17:53 - Log.MarketModel.JuliaInterface - INFO - Clp0006I 31  Obj 6.2897726e-12 Primal inf 6423795.4 (665)
29.08.2020 17:53 - Log.MarketModel.JuliaInterface - INFO - Clp0006I 74  Obj 5.2160149e-12 Primal inf 3014003 (628)
29.08.2020 17:53 - Log.MarketModel.JuliaInterface - INFO - Clp0006I 115  Obj 3.0677428e-12 Primal inf 8334517.9 (645)
29.08.2020 17:53 - Log.MarketModel.JuliaInterface - INFO - Clp0006I 166  Obj 2.7642203e-12 Primal inf 10685399 (626)
29.08.2020 17:53 - Log.MarketModel.JuliaInterface - INFO - Clp0006I 225  Obj -5.6428339e-11 Primal inf 85692021 (664)
29.08.2020 17:53 - Log.MarketModel.JuliaInterface - INFO - Clp0006I 290  Obj -1.4894038e-10 Primal inf 2240138.2 (568)
29.08.2020 17:53 - Log.MarketModel.JuliaInterface - INFO - Clp0006I 362  Obj 1.7203022e-10 Primal inf 11697041 (560)
29.08.2020 17:53 - Log.MarketModel.JuliaInterface - INFO - Clp0006I 460  Obj 2057.2514 Primal inf 1016086.1 (507)
29.08.2020 17:53 - Log.MarketModel.JuliaInterface - INFO - Clp0006I 558  Obj 2057.2514 Primal inf 1.0447157e+08 (656)
29.08.2020 17:53 - Log.MarketModel.JuliaInterface - INFO - Clp0006I 656  Obj 2057.2514 Primal inf 52591884 (517)
29.08.2020 17:53 - Log.MarketModel.JuliaInterface - INFO - Clp0006I 754  Obj 2057.2514 Primal inf 77042567 (490)
29.08.2020 17:53 - Log.MarketModel.JuliaInterface - INFO - Clp0006I 852  Obj 72103.617 Primal inf 86148571 (381)
29.08.2020 17:53 - Log.MarketModel.JuliaInterface - INFO - Clp0006I 950  Obj 257910.11 Primal inf 4958599.8 (120)
29.08.2020 17:53 - Log.MarketModel.JuliaInterface - INFO - Clp0006I 1048  Obj 369596.65 Primal inf 74660.476 (12)
29.08.2020 17:53 - Log.MarketModel.JuliaInterface - INFO - Clp0006I 1057  Obj 376930.84
29.08.2020 17:53 - Log.MarketModel.JuliaInterface - INFO - Clp0000I Optimal - objective value 376930.84
29.08.2020 17:53 - Log.MarketModel.JuliaInterface - INFO - Coin0511I After Postsolve, objective 376930.84, infeasibilities - dual 339.08187 (12), primal 0 (  0.191282 seconds (994.55 k allocations: 37.714 MiB)
29.08.2020 17:53 - Log.MarketModel.JuliaInterface - INFO - Objective: 376930.8364442025
29.08.2020 17:53 - Log.MarketModel.JuliaInterface - INFO - Objective: OPTIMAL
29.08.2020 17:53 - Log.MarketModel.JuliaInterface - INFO - Solvetime: 0.19 seconds
29.08.2020 17:53 - Log.MarketModel.JuliaInterface - INFO - Model Done!
29.08.2020 17:53 - Log.MarketModel.JuliaInterface - INFO - Using Real Time timeseries
29.08.2020 17:53 - Log.MarketModel.JuliaInterface - INFO - Initializing Redispatch Model for zones ["R1", "R2", "R3"] Timestep t0001
29.08.2020 17:53 - Log.MarketModel.JuliaInterface - INFO - 186 lines part of the redispatch network
29.08.2020 17:53 - Log.MarketModel.JuliaInterface - INFO - Solving...
29.08.2020 17:53 - Log.MarketModel.JuliaInterface - INFO - reading from file c:\Users\riw\Documents\repositories\pomato\examples/data_temp/julia_files/daemon_market_model.json
29.08.2020 17:53 - Log.MarketModel.JuliaInterface - INFO - Objective: 376930.8364385388
29.08.2020 17:53 - Log.MarketModel.JuliaInterface - INFO - Objective: OPTIMAL
29.08.2020 17:53 - Log.MarketModel.JuliaInterface - INFO - Solvetime: 0.21 seconds
29.08.2020 17:53 - Log.MarketModel.JuliaInterface - INFO - Creating Results Folder
29.08.2020 17:53 - Log.MarketModel.JuliaInterface - INFO - Saving results to folder C:\Users\riw\Documents\repositories\pomato\examples/data_temp/julia_files/results/2908_1753_43330_redispatch_R1_R2_R3...
29.08.2020 17:53 - Log.MarketModel.JuliaInterface - INFO - All Results Saved!
29.08.2020 17:53 - Log.MarketModel.JuliaInterface - INFO - Creating Results Folder
29.08.2020 17:53 - Log.MarketModel.JuliaInterface - INFO - Saving results to folder C:\Users\riw\Documents\repositories\pomato\examples/data_temp/julia_files/results/2908_1753_43330_market_results...
29.08.2020 17:53 - Log.MarketModel.JuliaInterface - INFO - All Results Saved!
29.08.2020 17:53 - Log.MarketModel.JuliaInterface - INFO - Everything Done!
29.08.2020 17:53 - Log.MarketModel.JuliaInterface - INFO - Everything Done!
29.08.2020 17:53 - Log.MarketModel.JuliaInterface - INFO - Done with market model.
29.08.2020 17:53 - Log.MarketModel.JuliaInterface - INFO - Program Done
29.08.2020 17:53 - Log.MarketModel.JuliaInterface - INFO - End-Time: 17:53:44
29.08.2020 17:53 - Log.MarketModel.JuliaInterface - INFO - Total Time: 1.409146 sec
29.08.2020 17:53 - Log.MarketModel.GridTopology - INFO - Estimated size in RAM for A is: 2.012136 MB
29.08.2020 17:53 - Log.MarketModel.JuliaInterface - INFO - MarketModel Initialized!
29.08.2020 17:53 - Log.MarketModel.JuliaInterface - INFO - MarketModel Initialized!
29.08.2020 17:53 - Log.MarketModel.JuliaInterface - INFO - Start-Time: 17:53:45
29.08.2020 17:53 - Log.MarketModel.JuliaInterface - INFO - Process ready!
29.08.2020 17:53 - Log.MarketModel.JuliaInterface - INFO - Loading Clp Solver...
29.08.2020 17:53 - Log.MarketModel.JuliaInterface - INFO - Starting with market_model
29.08.2020 17:53 - Log.MarketModel.JuliaInterface - INFO - Run market model
29.08.2020 17:53 - Log.MarketModel.JuliaInterface - INFO - No logfile Found, logging only to console.
29.08.2020 17:53 - Log.MarketModel.JuliaInterface - INFO - Read Model Data..
29.08.2020 17:53 - Log.MarketModel.JuliaInterface - INFO - Reading Model Data from: C:\Users\riw\Documents\repositories\pomato\examples/data_temp/julia_files/data/
29.08.2020 17:53 - Log.MarketModel.JuliaInterface - INFO - Data Prepared
29.08.2020 17:53 - Log.MarketModel.JuliaInterface - INFO - Creating Results Folder
29.08.2020 17:53 - Log.MarketModel.JuliaInterface - INFO - Initializing Market Model for timestep t0001...
29.08.2020 17:53 - Log.MarketModel.JuliaInterface - INFO - Adding Variables and Expressions..
29.08.2020 17:53 - Log.MarketModel.JuliaInterface - INFO - Add Base Model
29.08.2020 17:53 - Log.MarketModel.JuliaInterface - INFO - Adding Load Flow Constraints...
29.08.2020 17:53 - Log.MarketModel.JuliaInterface - INFO - Adding Objective Function...
29.08.2020 17:53 - Log.MarketModel.JuliaInterface - INFO - Solving...
29.08.2020 17:53 - Log.MarketModel.JuliaInterface - INFO - Done with Initialization. Starting daemon process market_model!
29.08.2020 17:53 - Log.MarketModel.JuliaInterface - INFO - 1.984141 seconds (5.11 M allocations: 191.487 MiB, 2.65% gc time)
29.08.2020 17:53 - Log.MarketModel.JuliaInterface - INFO - Objective: 465863.5558142305
29.08.2020 17:53 - Log.MarketModel.JuliaInterface - INFO - Objective: OPTIMAL
29.08.2020 17:53 - Log.MarketModel.JuliaInterface - INFO - Solvetime: 1.98 seconds
29.08.2020 17:53 - Log.MarketModel.JuliaInterface - INFO - Model Done!
29.08.2020 17:53 - Log.MarketModel.JuliaInterface - INFO - Saving results to folder C:\Users\riw\Documents\repositories\pomato\examples/data_temp/julia_files/results/2908_1753_46613...
29.08.2020 17:53 - Log.MarketModel.JuliaInterface - INFO - All Results Saved!
29.08.2020 17:53 - Log.MarketModel.JuliaInterface - INFO - Everything Done!
29.08.2020 17:53 - Log.MarketModel.JuliaInterface - INFO - Done with market model.
29.08.2020 17:53 - Log.MarketModel.JuliaInterface - INFO - Program Done
29.08.2020 17:53 - Log.MarketModel.JuliaInterface - INFO - End-Time: 17:53:48
29.08.2020 17:53 - Log.MarketModel.JuliaInterface - INFO - Total Time: 2.912101 sec
29.08.2020 17:53 - Log.MarketModel.FBMCModule - INFO - Initializing the FBMCModule....
29.08.2020 17:53 - Log.MarketModel.FBMCModule - INFO - List of CBs is generated from zone-to-zone PTDFs with:
29.08.2020 17:53 - Log.MarketModel.FBMCModule - INFO - GSK Strategy: gmax, Threshold: 5 percent
29.08.2020 17:53 - Log.MarketModel.FBMCModule - INFO - Number of Critical Branches: 86, Number of Cross Border lines: 9, Total Number of CBs: 86
29.08.2020 17:53 - Log.MarketModel.FBMCModule - INFO - FBMCModule  Initialized!
29.08.2020 17:53 - Log.MarketModel.FBMCModule - INFO - Creating zonal Ab for timestep t0001
29.08.2020 17:53 - Log.MarketModel.FBMCModule - INFO - Applying minRAM at 10 percent of line capacity
29.08.2020 17:53 - Log.MarketModel.FBMCModule - INFO - Creating zonal Ab for timestep t0002
29.08.2020 17:53 - Log.MarketModel.FBMCModule - INFO - Applying minRAM at 10 percent of line capacity
29.08.2020 17:53 - Log.MarketModel.FBMCModule - INFO - Creating zonal Ab for timestep t0003
29.08.2020 17:53 - Log.MarketModel.FBMCModule - INFO - Applying minRAM at 10 percent of line capacity
29.08.2020 17:53 - Log.MarketModel.FBMCModule - INFO - Creating zonal Ab for timestep t0004
29.08.2020 17:53 - Log.MarketModel.FBMCModule - INFO - Applying minRAM at 10 percent of line capacity
29.08.2020 17:54 - Log.MarketModel.FBMCDomainPlots - INFO - Initializing the FBMCModule....
29.08.2020 17:54 - Log.MarketModel.FBMCModule - INFO - Initializing the FBMCModule....
29.08.2020 17:54 - Log.MarketModel.FBMCModule - INFO - List of CBs is generated from zone-to-zone PTDFs with:
29.08.2020 17:54 - Log.MarketModel.FBMCModule - INFO - GSK Strategy: gmax, Threshold: 5 percent
29.08.2020 17:54 - Log.MarketModel.FBMCModule - INFO - Number of Critical Branches: 86, Number of Cross Border lines: 9, Total Number of CBs: 86
29.08.2020 17:54 - Log.MarketModel.FBMCModule - INFO - FBMCModule  Initialized!
29.08.2020 17:54 - Log.MarketModel.FBMCModule - INFO - FBMCModule  Initialized!
29.08.2020 17:54 - Log.MarketModel.FBMCModule - INFO - Creating fbmc equations...
29.08.2020 17:54 - Log.MarketModel.FBMCModule - INFO - Reducing Ab
29.08.2020 17:54 - Log.MarketModel.FBMCModule - INFO - Done!
29.08.2020 17:54 - Log.MarketModel.FBMCModule - INFO - Number of CBCOs 7
29.08.2020 17:54 - Log.MarketModel.FBMCModule - INFO - Number of CBCOs defining the domain 6
29.08.2020 17:54 - Log.MarketModel.FBMCModule - INFO - Creating fbmc equations...
29.08.2020 17:54 - Log.MarketModel.FBMCModule - INFO - Reducing Ab
29.08.2020 17:54 - Log.MarketModel.FBMCModule - INFO - Done!
29.08.2020 17:54 - Log.MarketModel.FBMCModule - INFO - Number of CBCOs 8
29.08.2020 17:54 - Log.MarketModel.FBMCModule - INFO - Number of CBCOs defining the domain 8
29.08.2020 17:54 - Log.MarketModel.FBMCModule - INFO - Creating fbmc equations...
29.08.2020 17:54 - Log.MarketModel.FBMCModule - INFO - Reducing Ab
29.08.2020 17:54 - Log.MarketModel.FBMCModule - INFO - Done!
29.08.2020 17:54 - Log.MarketModel.FBMCModule - INFO - Number of CBCOs 8
29.08.2020 17:54 - Log.MarketModel.FBMCModule - INFO - Number of CBCOs defining the domain 8
29.08.2020 17:54 - Log.MarketModel.FBMCModule - INFO - Creating fbmc equations...
29.08.2020 17:54 - Log.MarketModel.FBMCModule - INFO - Reducing Ab
29.08.2020 17:54 - Log.MarketModel.FBMCModule - INFO - Done!
29.08.2020 17:54 - Log.MarketModel.FBMCModule - INFO - Number of CBCOs 7
29.08.2020 17:54 - Log.MarketModel.FBMCModule - INFO - Number of CBCOs defining the domain 7
29.08.2020 17:54 - Log.MarketModel.FBMCModule - INFO - Resetting x and y limits for t0001_gmax_nrel
29.08.2020 17:54 - Log.MarketModel.FBMCModule - INFO - Resetting x and y limits for t0002_gmax_nrel
29.08.2020 17:54 - Log.MarketModel.FBMCModule - INFO - Resetting x and y limits for t0003_gmax_nrel
29.08.2020 17:54 - Log.MarketModel.FBMCModule - INFO - Resetting x and y limits for t0004_gmax_nrel
29.08.2020 17:54 - Log.MarketModel.FBMCModule - INFO - Plotting Domain of t0001_gmax_nrel in folder c:\Users\riw\Documents\repositories\pomato\examples\domains
29.08.2020 17:54 - Log.MarketModel.FBMCModule - INFO - Done!
29.08.2020 17:54 - Log.MarketModel.FBMCModule - INFO - Plotting Domain of t0002_gmax_nrel in folder c:\Users\riw\Documents\repositories\pomato\examples\domains
29.08.2020 17:54 - Log.MarketModel.FBMCModule - INFO - Done!
29.08.2020 17:54 - Log.MarketModel.FBMCModule - INFO - Plotting Domain of t0003_gmax_nrel in folder c:\Users\riw\Documents\repositories\pomato\examples\domains
29.08.2020 17:54 - Log.MarketModel.FBMCModule - INFO - Done!
29.08.2020 17:54 - Log.MarketModel.FBMCModule - INFO - Plotting Domain of t0004_gmax_nrel in folder c:\Users\riw\Documents\repositories\pomato\examples\domains
29.08.2020 17:54 - Log.MarketModel.FBMCModule - INFO - Done!
29.08.2020 17:54 - Log.MarketModel.FBMCModule - INFO - Plotting Domains as .gif
29.08.2020 17:54 - Log.MarketModel.JuliaInterface - INFO - MarketModel Initialized!
29.08.2020 17:54 - Log.MarketModel.JuliaInterface - INFO - MarketModel Initialized!
29.08.2020 17:54 - Log.MarketModel.JuliaInterface - INFO - Start-Time: 17:54:49
29.08.2020 17:54 - Log.MarketModel.JuliaInterface - INFO - Process ready!
29.08.2020 17:54 - Log.MarketModel.JuliaInterface - INFO - Loading Clp Solver...
29.08.2020 17:54 - Log.MarketModel.JuliaInterface - INFO - Starting with market_model
29.08.2020 17:54 - Log.MarketModel.JuliaInterface - INFO - Run market model, including redispatch
29.08.2020 17:54 - Log.MarketModel.JuliaInterface - INFO - No logfile Found, logging only to console.
29.08.2020 17:54 - Log.MarketModel.JuliaInterface - INFO - Read Model Data..
29.08.2020 17:54 - Log.MarketModel.JuliaInterface - INFO - Reading Model Data from: C:\Users\riw\Documents\repositories\pomato\examples/data_temp/julia_files/data/
29.08.2020 17:54 - Log.MarketModel.JuliaInterface - INFO - Data Prepared
29.08.2020 17:54 - Log.MarketModel.JuliaInterface - INFO - Creating Results Folder
29.08.2020 17:54 - Log.MarketModel.JuliaInterface - INFO - Using Real Time timeseries
29.08.2020 17:54 - Log.MarketModel.JuliaInterface - INFO - Adding Variables and Expressions..
29.08.2020 17:54 - Log.MarketModel.JuliaInterface - INFO - Add Base Model
29.08.2020 17:54 - Log.MarketModel.JuliaInterface - INFO - Adding FlowBased Constraints...
29.08.2020 17:54 - Log.MarketModel.JuliaInterface - INFO - adding FB Domain for each timestep
29.08.2020 17:54 - Log.MarketModel.JuliaInterface - INFO - Adding Objective Function...
29.08.2020 17:54 - Log.MarketModel.JuliaInterface - INFO - Solving...
29.08.2020 17:54 - Log.MarketModel.JuliaInterface - INFO - 0)
29.08.2020 17:54 - Log.MarketModel.JuliaInterface - INFO - Coin0512I Presolved model was optimal, full model needs cleaning up
29.08.2020 17:54 - Log.MarketModel.JuliaInterface - INFO - Clp0006I 0  Obj 376930.84 Primal inf 0.0030037186 (8) Dual inf 3.4576429e+22 (822)
29.08.2020 17:54 - Log.MarketModel.JuliaInterface - INFO - Clp0006I 8  Obj 376930.84 Dual inf 810.96681 (24)
29.08.2020 17:54 - Log.MarketModel.JuliaInterface - INFO - Clp0006I 12  Obj 376930.84 Dual inf 0.00060676219 (6)
29.08.2020 17:54 - Log.MarketModel.JuliaInterface - INFO - Clp0006I 13  Obj 376930.84 Dual inf 0.00045371882 (5)
29.08.2020 17:54 - Log.MarketModel.JuliaInterface - INFO - Clp0006I 14  Obj 376930.84 Dual inf 0.000300695 (4)
29.08.2020 17:54 - Log.MarketModel.JuliaInterface - INFO - Clp0006I 15  Obj 376930.84 Dual inf 0.00015064605 (3)
29.08.2020 17:54 - Log.MarketModel.JuliaInterface - INFO - Clp0006I 16  Obj 376930.84 Dual inf 6.1166148e-07 (2)
29.08.2020 17:54 - Log.MarketModel.JuliaInterface - INFO - Clp0000I Optimal - objective value 376930.84
29.08.2020 17:54 - Log.MarketModel.JuliaInterface - INFO - Clp0032I Optimal objective 376930.8364 - 1073 iterations time 0.132, Presolve 0.02
29.08.2020 17:54 - Log.MarketModel.JuliaInterface - INFO - Coin0506I Presolve 1238 (-3634) rows, 2142 (-3794) columns and 80590 (-18770) elements
29.08.2020 17:54 - Log.MarketModel.JuliaInterface - INFO - Clp0006I 0  Obj 571579.6 Primal inf 47488305 (842) Dual inf 52299.917 (48)
29.08.2020 17:54 - Log.MarketModel.JuliaInterface - INFO - Clp0006I 31  Obj 226437.49 Primal inf 6524487.5 (706)
29.08.2020 17:54 - Log.MarketModel.JuliaInterface - INFO - Clp0006I 75  Obj 226437.49 Primal inf 3098421.8 (667)
29.08.2020 17:54 - Log.MarketModel.JuliaInterface - INFO - Clp0006I 117  Obj 226437.49 Primal inf 7814415.3 (676)
29.08.2020 17:54 - Log.MarketModel.JuliaInterface - INFO - Clp0006I 171  Obj 226437.49 Primal inf 9627206.3 (659)
29.08.2020 17:54 - Log.MarketModel.JuliaInterface - INFO - Clp0006I 231  Obj 226437.49 Primal inf 2097518.6 (615)
29.08.2020 17:54 - Log.MarketModel.JuliaInterface - INFO - Clp0006I 297  Obj 226437.49 Primal inf 2833142.6 (620)
29.08.2020 17:54 - Log.MarketModel.JuliaInterface - INFO - Clp0006I 369  Obj 226437.49 Primal inf 830429.8 (579)
29.08.2020 17:54 - Log.MarketModel.JuliaInterface - INFO - Clp0006I 468  Obj 267057.11 Primal inf 27318945 (574)
29.08.2020 17:54 - Log.MarketModel.JuliaInterface - INFO - Clp0006I 567  Obj 305786.51 Primal inf 1.187707e+08 (532)
29.08.2020 17:54 - Log.MarketModel.JuliaInterface - INFO - Clp0006I 666  Obj 349252.87 Primal inf 11910371 (421)
29.08.2020 17:54 - Log.MarketModel.JuliaInterface - INFO - Clp0006I 765  Obj 349571.83 Primal inf 23450345 (318)
29.08.2020 17:54 - Log.MarketModel.JuliaInterface - INFO - Clp0006I 864  Obj 354653.42 Primal inf 26441044 (256)
29.08.2020 17:54 - Log.MarketModel.JuliaInterface - INFO - Clp0006I 963  Obj 376823.12 Primal inf 255.52562 (32)
29.08.2020 17:54 - Log.MarketModel.JuliaInterface - INFO - Clp0006I 982  Obj 376930.84
29.08.2020 17:54 - Log.MarketModel.JuliaInterface - INFO - Clp0000I Optimal - objective value 376930.84
29.08.2020 17:54 - Log.MarketModel.JuliaInterface - INFO - Coin0511I After Postsolve, objective 376930.84, infeasibilities - dual 53.729992 (4), primal 0 (0)
29.08.2020 17:54 - Log.MarketModel.JuliaInterface - INFO - Coin0512I Presolved model was optimal, full model needs cleaning up
29.08.2020 17:54 - Log.MarketModel.JuliaInterface - INFO - Clp0006I 0  Obj 376930.84 Primal inf 0.0050807523 (8) Dual inf 6.3047121e+23 (1008)
29.08.2020 17:54 - Log.MarketModel.JuliaInterface - INFO - Clp0006I 8  Obj 376930.84 Dual inf 53810.663 (91)
29.08.2020 17:54 - Log.MarketModel.JuliaInterface - INFO - Clp0006I 16  Obj 376930.84 Dual inf 0.00060146743 (7)
29.08.2020 17:54 - Log.MarketModel.JuliaInterface - INFO - Clp0006I 30  Obj 376930.84 Dual inf 0.00029861672 (5)
29.08.2020 17:54 - Log.MarketModel.JuliaInterface - INFO - Clp0006I 41  Obj 376930.84 Dual inf 1.2266102e-06 (2)
29.08.2020 17:54 - Log.MarketModel.JuliaInterface - INFO - Clp0000I Optimal - objective value 376930.84
29.08.2020 17:54 - Log.MarketModel.JuliaInterface - INFO - Clp0032I Optimal objective 376930.8364 - 1023 iterations time 0.122, Presolve 0.02
29.08.2020 17:54 - Log.MarketModel.JuliaInterface - INFO - Coin0506I Presolve 5060 (-10132) rows, 1959 (-9577) columns and 510574 (-53778) elements
29.08.2020 17:54 - Log.MarketModel.JuliaInterface - INFO - Clp0006I 0  Obj 0 Primal inf 3.9099237e+08 (3700)
29.08.2020 17:54 - Log.MarketModel.JuliaInterface - INFO - Clp0006I 31  Obj 9.1856521e-12 Primal inf 1.3194814e+08 (2790)
29.08.2020 17:54 - Log.MarketModel.JuliaInterface - INFO - Clp0006I 62  Obj 3.0108275e-12 Primal inf 1.1830338e+08 (2752)
29.08.2020 17:54 - Log.MarketModel.JuliaInterface - INFO - Clp0006I 93  Obj 5.8287376e-12 Primal inf 73830857 (2353)
29.08.2020 17:54 - Log.MarketModel.JuliaInterface - INFO - Clp0006I 124  Obj 4.5929537e-12 Primal inf 41947465 (2083)
29.08.2020 17:54 - Log.MarketModel.JuliaInterface - INFO - Clp0006I 182  Obj 9.4946455e-12 Primal inf 8.2759427e+08 (2450)
29.08.2020 17:54 - Log.MarketModel.JuliaInterface - INFO - Clp0006I 278  Obj -8.6072042e-10 Primal inf 72047164 (1969)
29.08.2020 17:54 - Log.MarketModel.JuliaInterface - INFO - Clp0006I 380  Obj -5.8201061e-08 Primal inf 67434059 (1584)
29.08.2020 17:54 - Log.MarketModel.JuliaInterface - INFO - Clp0006I 487  Obj -5.0738671e-08 Primal inf 18551328 (1168)
29.08.2020 17:54 - Log.MarketModel.JuliaInterface - INFO - Clp0006I 620  Obj 2057.2514 Primal inf 16916431 (998)
29.08.2020 17:54 - Log.MarketModel.JuliaInterface - INFO - Clp0006I 796  Obj 2057.2514 Primal inf 70298404 (1245)
29.08.2020 17:54 - Log.MarketModel.JuliaInterface - INFO - Clp0006I 972  Obj 2057.251 Primal inf 1.0147374e+10 (1713)
29.08.2020 17:54 - Log.MarketModel.JuliaInterface - INFO - Clp0006I 1148  Obj 330423.36 Primal inf 5.045105e+09 (1255)
29.08.2020 17:54 - Log.MarketModel.JuliaInterface - INFO - Clp0006I 1324  Obj 368625.56 Primal inf 3.3645387e+08 (975)
29.08.2020 17:54 - Log.MarketModel.JuliaInterface - INFO - Clp0006I 1482  Obj 465863.22
29.08.2020 17:54 - Log.MarketModel.JuliaInterface - INFO - Clp0000I Optimal - objective value 465863.56
29.08.2020 17:54 - Log.MarketModel.JuliaInterface - INFO - Coin0511I After Postsolve, objective 465863.56, infeasibilities - dual 466.70149 (23), primal 0 (0)
29.08.2020 17:54 - Log.MarketModel.JuliaInterface - INFO - Coin0512I Presolved model was optimal, full model needs cleaning up
29.08.2020 17:54 - Log.MarketModel.JuliaInterface - INFO - Clp0006I 0  Obj 465863.56 Primal inf 0.0036473665 (10) Dual inf 5.7771992e+22 (788)
29.08.2020 17:54 - Log.MarketModel.JuliaInterface - INFO - Clp0006I 10  Obj 465863.56 Dual inf 1922.0054 (24)
29.08.2020 17:54 - Log.MarketModel.JuliaInterface - INFO - Clp0006I 14  Obj 465863.56 Dual inf 4.4044055e-05 (8)
29.08.2020 17:54 - Log.MarketModel.JuliaInterface - INFO - Clp0006I 15  Obj 465863.56 Dual inf 3.1032381e-05 (7)
29.08.2020 17:54 - Log.MarketModel.JuliaInterface - INFO - Clp0006I 16  Obj 465863.56 Dual inf 1.8026433e-05 (6)
29.08.2020 17:54 - Log.MarketModel.JuliaInterface - INFO - Clp0006I 17  Obj 465863.56 Dual inf 9.298391e-06 (5)
29.08.2020 17:54 - Log.MarketModel.JuliaInterface - INFO - Clp0006I 18  Obj 465863.56 Dual inf 5.7034875e-07 (4)
29.08.2020 17:54 - Log.MarketModel.JuliaInterface - INFO - Clp0000I Optimal - objective value 465863.56
29.08.2020 17:54 - Log.MarketModel.JuliaInterface - INFO - Clp0032I Optimal objective 465863.5558 - 1500 iterations time 1.602, Presolve 0.12
29.08.2020 17:54 - Log.MarketModel.JuliaInterface - INFO - Coin0506I Presolve 505 (-884) rows, 1833 (-463) columns and 3976 (-1778) elements
29.08.2020 17:54 - Log.MarketModel.JuliaInterface - INFO - Clp0006I 0  Obj 0 Primal inf 246744.04 (448)
29.08.2020 17:54 - Log.MarketModel.JuliaInterface - INFO - Clp0006I 85  Obj 1.9288133e-13 Primal inf 221500.11 (448)
29.08.2020 17:54 - Log.MarketModel.JuliaInterface - INFO - Clp0006I 170  Obj 1.2798868e-13 Primal inf 179495.11 (448)
29.08.2020 17:54 - Log.MarketModel.JuliaInterface - INFO - Clp0006I 255  Obj 371751.69   0.028793 seconds (210.02 k allocations: 8.399 MiB)
29.08.2020 17:54 - Log.MarketModel.JuliaInterface - INFO - Objective: 435223.5990188402
29.08.2020 17:54 - Log.MarketModel.JuliaInterface - INFO - Objective: OPTIMAL
29.08.2020 17:54 - Log.MarketModel.JuliaInterface - INFO - Solvetime: 0.03 seconds
29.08.2020 17:54 - Log.MarketModel.JuliaInterface - INFO - Model Done!
29.08.2020 17:54 - Log.MarketModel.JuliaInterface - INFO - Using Real Time timeseries
29.08.2020 17:54 - Log.MarketModel.JuliaInterface - INFO - Initializing Redispatch Model for zones ["R1", "R2", "R3"] Timestep t0001
29.08.2020 17:54 - Log.MarketModel.JuliaInterface - INFO - 186 lines part of the redispatch network
29.08.2020 17:54 - Log.MarketModel.JuliaInterface - INFO - Solving...
29.08.2020 17:54 - Log.MarketModel.JuliaInterface - INFO - Objective: 435223.59901884006
29.08.2020 17:54 - Log.MarketModel.JuliaInterface - INFO - Objective: OPTIMAL
29.08.2020 17:54 - Log.MarketModel.JuliaInterface - INFO - Solvetime: 0.2 seconds
29.08.2020 17:54 - Log.MarketModel.JuliaInterface - INFO - Creating Results Folder
29.08.2020 17:54 - Log.MarketModel.JuliaInterface - INFO - Saving results to folder C:\Users\riw\Documents\repositories\pomato\examples/data_temp/julia_files/results/2908_1754_49484_redispatch_R1_R2_R3...
29.08.2020 17:54 - Log.MarketModel.JuliaInterface - INFO - All Results Saved!
29.08.2020 17:54 - Log.MarketModel.JuliaInterface - INFO - Creating Results Folder
29.08.2020 17:54 - Log.MarketModel.JuliaInterface - INFO - Saving results to folder C:\Users\riw\Documents\repositories\pomato\examples/data_temp/julia_files/results/2908_1754_49484_market_results...
29.08.2020 17:54 - Log.MarketModel.JuliaInterface - INFO - All Results Saved!
29.08.2020 17:54 - Log.MarketModel.JuliaInterface - INFO - Everything Done!
29.08.2020 17:54 - Log.MarketModel.JuliaInterface - INFO - Everything Done!
29.08.2020 17:54 - Log.MarketModel.JuliaInterface - INFO - Done with market model.
29.08.2020 17:54 - Log.MarketModel.JuliaInterface - INFO - Program Done
29.08.2020 17:54 - Log.MarketModel.JuliaInterface - INFO - End-Time: 17:54:50
29.08.2020 17:54 - Log.MarketModel.JuliaInterface - INFO - Total Time: 1.409006 sec
29.08.2020 17:54 - Log.MarketModel.BokehPlot - INFO - Creating Folder Structure
29.08.2020 17:54 - Log.MarketModel.JuliaInterface - INFO - EXIT
29.08.2020 17:54 - Log.MarketModel.JuliaInterface - INFO - Primal inf 96411.541 (438)
29.08.2020 17:54 - Log.MarketModel.JuliaInterface - INFO - Clp0006I 340  Obj 371751.69 Primal inf 79946.63 (372)
29.08.2020 17:54 - Log.MarketModel.JuliaInterface - INFO - Clp0006I 425  Obj 402141.85 Primal inf 56689.606 (284)
29.08.2020 17:54 - Log.MarketModel.JuliaInterface - INFO - Clp0006I 510  Obj 413061.5 Primal inf 39218.247 (195)
29.08.2020 17:54 - Log.MarketModel.JuliaInterface - INFO - Clp0006I 595  Obj 413061.5 Primal inf 22409.846 (111)
29.08.2020 17:54 - Log.MarketModel.JuliaInterface - INFO - Clp0006I 680  Obj 413061.5 Primal inf 6064.1328 (27)
29.08.2020 17:54 - Log.MarketModel.JuliaInterface - INFO - Clp0006I 701  Obj 435223.6
29.08.2020 17:54 - Log.MarketModel.JuliaInterface - INFO - Clp0000I Optimal - objective value 435223.6
29.08.2020 17:54 - Log.MarketModel.JuliaInterface - INFO - Coin0511I After Postsolve, objective 435223.6, infeasibilities - dual 0 (0), primal 0 (0)
29.08.2020 17:54 - Log.MarketModel.JuliaInterface - INFO - Clp0032I Optimal objective 435223.599 - 701 iterations time 0.012, Presolve 0.00
29.08.2020 17:54 - Log.MarketModel.JuliaInterface - INFO - Coin0506I Presolve 1228 (-3644) rows, 2126 (-3810) columns and 80568 (-18792) elements
29.08.2020 17:54 - Log.MarketModel.JuliaInterface - INFO - Clp0006I 0  Obj 639156.8 Primal inf 47484927 (836) Dual inf 38269.236 (38)
29.08.2020 17:54 - Log.MarketModel.JuliaInterface - INFO - Clp0006I 31  Obj 261077.89 Primal inf 6508986.2 (700)
29.08.2020 17:54 - Log.MarketModel.JuliaInterface - INFO - Clp0006I 75  Obj 261077.89 Primal inf 3086910.6 (661)
29.08.2020 17:54 - Log.MarketModel.JuliaInterface - INFO - Clp0006I 117  Obj 261077.89 Primal inf 7799105 (670)
29.08.2020 17:54 - Log.MarketModel.JuliaInterface - INFO - Clp0006I 171  Obj 261077.89 Primal inf 9616816.7 (653)
29.08.2020 17:54 - Log.MarketModel.JuliaInterface - INFO - Clp0006I 231  Obj 261077.89 Primal inf 2086839.5 (609)
29.08.2020 17:54 - Log.MarketModel.JuliaInterface - INFO - Clp0006I 297  Obj 261077.89 Primal inf 2822127.6 (614)
29.08.2020 17:54 - Log.MarketModel.JuliaInterface - INFO - Clp0006I 369  Obj 261077.89 Primal inf 819294.74 (573)
29.08.2020 17:54 - Log.MarketModel.JuliaInterface - INFO - Clp0006I 468  Obj 329708.84 Primal inf 94871635 (603)
29.08.2020 17:54 - Log.MarketModel.JuliaInterface - INFO - Clp0006I 567  Obj 329708.84 Primal inf 2.2855984e+08 (585)
29.08.2020 17:54 - Log.MarketModel.JuliaInterface - INFO - Clp0006I 666  Obj 395792.42 Primal inf 30272711 (458)
29.08.2020 17:54 - Log.MarketModel.JuliaInterface - INFO - Clp0006I 765  Obj 395975.43 Primal inf 39120922 (403)
29.08.2020 17:54 - Log.MarketModel.JuliaInterface - INFO - Clp0006I 864  Obj 419070.97 Primal inf 1.0964786e+08 (348)
29.08.2020 17:54 - Log.MarketModel.JuliaInterface - INFO - Clp0006I 963  Obj 431234.24 Primal inf 2.1424385e+08 (169)
29.08.2020 17:54 - Log.MarketModel.JuliaInterface - INFO - Clp0006I 1024  Obj 435223.57
29.08.2020 17:54 - Log.MarketModel.JuliaInterface - INFO - Clp0000I Optimal - objective value 435223.6
29.08.2020 17:54 - Log.MarketModel.JuliaInterface - INFO - Coin0511I After Postsolve, objective 435223.6, infeasibilities - dual 0 (0), primal 0 (0)
29.08.2020 17:54 - Log.MarketModel.JuliaInterface - INFO - Clp0032I Optimal objective 435223.599 - 1024 iterations time 0.082, Presolve 0.02
29.08.2020 17:54 - Log.MarketModel.JuliaInterface - INFO - EXIT
